<?xml version="1.0" encoding="utf-8"?>
<CoverageSession xmlns:xsd="http://www.w3.org/2001/XMLSchema" xmlns:xsi="http://www.w3.org/2001/XMLSchema-instance">
  <Summary numSequencePoints="949" visitedSequencePoints="383" numBranchPoints="366" visitedBranchPoints="138" sequenceCoverage="40.36" branchCoverage="37.70" maxCyclomaticComplexity="8" minCyclomaticComplexity="1" visitedClasses="32" numClasses="69" visitedMethods="107" numMethods="274" />
  <Modules>
    <Module skippedDueTo="Filter" hash="9D-4C-49-D6-C4-93-47-C3-10-27-58-C6-EC-7C-C5-FB-65-17-1E-A0">
      <ModulePath>C:\WINDOWS\Microsoft.Net\assembly\GAC_32\mscorlib\v4.0_4.0.0.0__b77a5c561934e089\mscorlib.dll</ModulePath>
      <ModuleTime>2016-07-16T11:44:20.6085999Z</ModuleTime>
      <ModuleName>mscorlib</ModuleName>
      <Classes />
    </Module>
    <Module skippedDueTo="Filter" hash="0D-67-A2-5D-8D-B1-64-77-4D-21-EE-4C-95-24-71-3D-EF-CE-59-A8">
      <ModulePath>D:\srcs\GitProjects\FluentAssemblyScanner\tools\xunitrunner\xunit.console.x86.exe</ModulePath>
      <ModuleTime>2017-02-13T08:06:36Z</ModuleTime>
      <ModuleName>xunit.console.x86</ModuleName>
      <Classes />
    </Module>
    <Module skippedDueTo="Filter" hash="02-51-E9-61-0D-BE-7C-39-07-DA-CF-24-A7-CD-4E-72-BA-FE-F5-72">
      <ModulePath>D:\srcs\GitProjects\FluentAssemblyScanner\tools\xunitrunner\xunit.runner.utility.net452.dll</ModulePath>
      <ModuleTime>2017-02-13T08:06:36Z</ModuleTime>
      <ModuleName>xunit.runner.utility.net452</ModuleName>
      <Classes />
    </Module>
    <Module skippedDueTo="Filter" hash="9E-A9-5D-7F-86-82-4D-02-7D-07-AD-C0-17-06-5D-73-8F-1F-28-44">
      <ModulePath>D:\srcs\GitProjects\FluentAssemblyScanner\tools\xunitrunner\xunit.abstractions.dll</ModulePath>
      <ModuleTime>2017-02-13T08:06:36Z</ModuleTime>
      <ModuleName>xunit.abstractions</ModuleName>
      <Classes />
    </Module>
    <Module skippedDueTo="Filter" hash="E5-DE-BE-E6-36-3A-18-9D-19-75-10-62-04-4B-5A-43-5C-48-C4-34">
      <ModulePath>C:\WINDOWS\Microsoft.Net\assembly\GAC_MSIL\System.Core\v4.0_4.0.0.0__b77a5c561934e089\System.Core.dll</ModulePath>
      <ModuleTime>2016-07-16T11:43:57.1711464Z</ModuleTime>
      <ModuleName>System.Core</ModuleName>
      <Classes />
    </Module>
    <Module skippedDueTo="Filter" hash="CD-6C-89-03-2B-C0-20-E8-A7-40-06-42-5C-41-C1-FF-4A-26-FC-6F">
      <ModulePath>C:\WINDOWS\Microsoft.Net\assembly\GAC_32\System.Web\v4.0_4.0.0.0__b03f5f7f11d50a3a\System.Web.dll</ModulePath>
      <ModuleTime>2016-07-16T11:44:19.4211026Z</ModuleTime>
      <ModuleName>System.Web</ModuleName>
      <Classes />
    </Module>
    <Module skippedDueTo="Filter" hash="2F-06-CB-9E-45-EB-3F-7A-7A-0E-09-BA-75-25-0C-EF-AA-90-8E-2B">
      <ModulePath>C:\WINDOWS\Microsoft.Net\assembly\GAC_MSIL\System\v4.0_4.0.0.0__b77a5c561934e089\System.dll</ModulePath>
      <ModuleTime>2016-07-16T11:43:55.5461496Z</ModuleTime>
      <ModuleName>System</ModuleName>
      <Classes />
    </Module>
    <Module skippedDueTo="Filter" hash="83-29-FE-C7-E7-7A-90-21-8F-92-A4-B2-93-EC-A9-9B-7E-10-7C-E5">
      <ModulePath>C:\WINDOWS\Microsoft.Net\assembly\GAC_MSIL\System.Xml.Linq\v4.0_4.0.0.0__b77a5c561934e089\System.Xml.Linq.dll</ModulePath>
      <ModuleTime>2016-07-16T11:43:57.0930219Z</ModuleTime>
      <ModuleName>System.Xml.Linq</ModuleName>
      <Classes />
    </Module>
    <Module skippedDueTo="Filter" hash="88-45-F0-9C-3C-9F-72-79-CB-6A-82-FA-D7-DB-C3-4A-59-80-3C-6B">
      <ModulePath>C:\WINDOWS\Microsoft.Net\assembly\GAC_MSIL\System.Xml\v4.0_4.0.0.0__b77a5c561934e089\System.Xml.dll</ModulePath>
      <ModuleTime>2016-07-16T11:43:55.4992744Z</ModuleTime>
      <ModuleName>System.Xml</ModuleName>
      <Classes />
    </Module>
    <Module skippedDueTo="Filter" hash="34-A3-5D-67-8E-E7-DB-60-FE-97-F3-BD-D4-E7-40-6B-00-DA-51-C8">
      <ModulePath>C:\WINDOWS\Microsoft.Net\assembly\GAC_MSIL\System.Configuration\v4.0_4.0.0.0__b03f5f7f11d50a3a\System.Configuration.dll</ModulePath>
      <ModuleTime>2016-07-16T11:43:53.9992781Z</ModuleTime>
      <ModuleName>System.Configuration</ModuleName>
      <Classes />
    </Module>
    <Module skippedDueTo="Filter" hash="02-51-E9-61-0D-BE-7C-39-07-DA-CF-24-A7-CD-4E-72-BA-FE-F5-72">
      <ModulePath>C:\Users\OSOYKAN\AppData\Local\Temp\24f1ef74-716e-4391-aa5f-a2e8d59505a6\24f1ef74-716e-4391-aa5f-a2e8d59505a6\assembly\dl3\09c6dae0\000ea018_d085d201\xunit.runner.utility.net452.dll</ModulePath>
      <ModuleTime>2017-02-13T21:37:39.1090711Z</ModuleTime>
      <ModuleName>xunit.runner.utility.net452</ModuleName>
      <Classes />
    </Module>
    <Module skippedDueTo="Filter" hash="E5-DE-BE-E6-36-3A-18-9D-19-75-10-62-04-4B-5A-43-5C-48-C4-34">
      <ModulePath>C:\WINDOWS\Microsoft.Net\assembly\GAC_MSIL\System.Core\v4.0_4.0.0.0__b77a5c561934e089\System.Core.dll</ModulePath>
      <ModuleTime>2016-07-16T11:43:57.1711464Z</ModuleTime>
      <ModuleName>System.Core</ModuleName>
      <Classes />
    </Module>
    <Module skippedDueTo="Filter" hash="2F-06-CB-9E-45-EB-3F-7A-7A-0E-09-BA-75-25-0C-EF-AA-90-8E-2B">
      <ModulePath>C:\WINDOWS\Microsoft.Net\assembly\GAC_MSIL\System\v4.0_4.0.0.0__b77a5c561934e089\System.dll</ModulePath>
      <ModuleTime>2016-07-16T11:43:55.5461496Z</ModuleTime>
      <ModuleName>System</ModuleName>
      <Classes />
    </Module>
    <Module skippedDueTo="Filter" hash="">
      <ModulePath>RefEmit_InMemoryManifestModule</ModulePath>
      <ModuleTime>0001-01-01T00:00:00</ModuleTime>
      <ModuleName>Anonymously Hosted DynamicMethods Assembly</ModuleName>
      <Classes />
    </Module>
    <Module skippedDueTo="Filter" hash="EC-A3-D8-55-A5-5E-35-8B-E6-72-3B-0E-48-BD-25-F9-49-08-ED-13">
      <ModulePath>D:\srcs\GitProjects\FluentAssemblyScanner\test\FluentAssemblyScanner.Tests\bin\Debug\net461\win7-x64\FluentAssemblyScanner.Tests.dll</ModulePath>
      <ModuleTime>2017-02-13T20:36:48.313979Z</ModuleTime>
      <ModuleName>FluentAssemblyScanner.Tests</ModuleName>
      <Classes />
      <TrackedMethods>
        <TrackedMethod uid="1" token="100663297" name="System.Void FluentAssemblyScanner.Tests.AllTypes_Tests::AllTypes_should_be_return_greater_than_zero()" strategy="xUnitTest" />
        <TrackedMethod uid="2" token="100663298" name="System.Void FluentAssemblyScanner.Tests.AllTypes_Tests::AllTypes_should_be_scan_all_classes_in_given_assembly()" strategy="xUnitTest" />
        <TrackedMethod uid="3" token="100663300" name="System.Void FluentAssemblyScanner.Tests.ExcludeAssemblyContaining_Tests::AllTypes_should_return_count_greater_than_zero()" strategy="xUnitTest" />
        <TrackedMethod uid="4" token="100663301" name="System.Void FluentAssemblyScanner.Tests.ExcludeAssemblyContaining_Tests::should_work_as_expected()" strategy="xUnitTest" />
        <TrackedMethod uid="5" token="100663302" name="System.Void FluentAssemblyScanner.Tests.ExcludeAssemblyContaining_Tests::should_work_on_not_wanted_assemblies()" strategy="xUnitTest" />
        <TrackedMethod uid="6" token="100663303" name="System.Void FluentAssemblyScanner.Tests.ExcludeAssemblyContaining_Tests::should_not_contains_private_classes_when_nonpublictypes_is_not_included()" strategy="xUnitTest" />
        <TrackedMethod uid="7" token="100663304" name="System.Void FluentAssemblyScanner.Tests.ExcludeAssemblyContaining_Tests::should_contains_private_classes_when_nonpublictypes_included()" strategy="xUnitTest" />
        <TrackedMethod uid="8" token="100663305" name="System.Void FluentAssemblyScanner.Tests.ExcludeAssemblyContaining_Tests::should_not_find_any_type_from_excluded_assembly()" strategy="xUnitTest" />
        <TrackedMethod uid="9" token="100663306" name="System.Void FluentAssemblyScanner.Tests.ExcludeAssemblyContaining_Tests::should_not_find_any_type_from_excluded_assembly_with_full_named()" strategy="xUnitTest" />
        <TrackedMethod uid="10" token="100663307" name="System.Void FluentAssemblyScanner.Tests.ExcludeAssemblyContaining_Tests::should_not_find_any_type_from_excluded_assembly_with_name_starts_with()" strategy="xUnitTest" />
        <TrackedMethod uid="11" token="100663308" name="System.Void FluentAssemblyScanner.Tests.ExcludeAssemblyContaining_Tests::should_not_find_any_type_from_excluded_assembly_with_name_ends_with()" strategy="xUnitTest" />
        <TrackedMethod uid="12" token="100663309" name="System.Void FluentAssemblyScanner.Tests.ExcludeAssemblyContaining_Tests::should_not_find_any_type_from_excluded_assembly_with_name()" strategy="xUnitTest" />
        <TrackedMethod uid="13" token="100663310" name="System.Void FluentAssemblyScanner.Tests.ExcludeAssemblyContaining_Tests::should_not_find_any_type_from_excluded_assembly_with_name_contains()" strategy="xUnitTest" />
        <TrackedMethod uid="14" token="100663311" name="System.Void FluentAssemblyScanner.Tests.ExcludeAssemblyContaining_Tests::should_not_find_any_type_from_excluded_assembly_should_work_on_ignored_dynamic_assemblies()" strategy="xUnitTest" />
        <TrackedMethod uid="15" token="100663313" name="System.Void FluentAssemblyScanner.Tests.FilterDefiner_Tests::when_use_with_filter_with_methodHasAttribute_should_work()" strategy="xUnitTest" />
        <TrackedMethod uid="16" token="100663314" name="System.Void FluentAssemblyScanner.Tests.FilterDefiner_Tests::when_use_with_filter_with_method_name_contains()" strategy="xUnitTest" />
        <TrackedMethod uid="17" token="100663315" name="System.Void FluentAssemblyScanner.Tests.FilterDefiner_Tests::when_use_with_filter_with_non_abstract_classes_should_not_return_any_abstract()" strategy="xUnitTest" />
        <TrackedMethod uid="18" token="100663316" name="System.Void FluentAssemblyScanner.Tests.FilterDefiner_Tests::when_use_with_filter_with_static_classes_should_return_also_static_classes()" strategy="xUnitTest" />
        <TrackedMethod uid="19" token="100663317" name="System.Void FluentAssemblyScanner.Tests.FilterDefiner_Tests::when_use_with_filter_with_non_static_classes_should_not_return_any_static()" strategy="xUnitTest" />
        <TrackedMethod uid="20" token="100663318" name="System.Void FluentAssemblyScanner.Tests.FilterDefiner_Tests::when_use_with_filter_with_just_interfaces_should_work()" strategy="xUnitTest" />
        <TrackedMethod uid="21" token="100663320" name="System.Void FluentAssemblyScanner.Tests.FromAssemblyDefinerBase_Tests::PickAny_count_should_be_greater_than_zero()" strategy="xUnitTest" />
        <TrackedMethod uid="22" token="100663321" name="System.Void FluentAssemblyScanner.Tests.FromAssemblyDefinerBase_Tests::should_filter_by_namespace()" strategy="xUnitTest" />
        <TrackedMethod uid="23" token="100663322" name="System.Void FluentAssemblyScanner.Tests.FromAssemblyDefinerBase_Tests::when_sub_namespace_search_option_is_not_active_then_the_sub_namespaced_type_doesnt_count_inside_of_scanned_types()" strategy="xUnitTest" />
        <TrackedMethod uid="24" token="100663323" name="System.Void FluentAssemblyScanner.Tests.FromAssemblyDefinerBase_Tests::when_sub_namespace_search_option_is_active_then_the_sub_namespaced_type_counts_inside_of_scanned_types()" strategy="xUnitTest" />
        <TrackedMethod uid="25" token="100663324" name="System.Void FluentAssemblyScanner.Tests.FromAssemblyDefinerBase_Tests::when_use_with_based_ons_and_classes_filter_should_work()" strategy="xUnitTest" />
        <TrackedMethod uid="26" token="100663325" name="System.Void FluentAssemblyScanner.Tests.FromAssemblyDefinerBase_Tests::when_use_with_based_ons_and_filter_should_work_and_returns_also_interfaces()" strategy="xUnitTest" />
        <TrackedMethod uid="27" token="100663326" name="System.Void FluentAssemblyScanner.Tests.FromAssemblyDefinerBase_Tests::should_return_related_types_with_based_ons()" strategy="xUnitTest" />
        <TrackedMethod uid="28" token="100663328" name="System.Void FluentAssemblyScanner.Tests.Instantiatable_Test::FromAssembly_should_be_instantiatable_by_passing_an_assembly()" strategy="xUnitTest" />
        <TrackedMethod uid="29" token="100663329" name="System.Void FluentAssemblyScanner.Tests.Instantiatable_Test::FromAssemblyContaining_should_be_instantiatable_by_given_type()" strategy="xUnitTest" />
        <TrackedMethod uid="30" token="100663330" name="System.Void FluentAssemblyScanner.Tests.Instantiatable_Test::FromAssemblyContaining_should_be_instantiatable_by_given_t_generic()" strategy="xUnitTest" />
        <TrackedMethod uid="31" token="100663331" name="System.Void FluentAssemblyScanner.Tests.Instantiatable_Test::FromAssemblyInDirectory_should_be_instantiatable_by_given_AssemblyFilter()" strategy="xUnitTest" />
        <TrackedMethod uid="32" token="100663332" name="System.Void FluentAssemblyScanner.Tests.Instantiatable_Test::FromAssemblyInThisApplication_should_be_instantiatable()" strategy="xUnitTest" />
        <TrackedMethod uid="33" token="100663333" name="System.Void FluentAssemblyScanner.Tests.Instantiatable_Test::FromAssemblyMatchingNamed_should_be_instantiatable_with_assemblyPrefix_and_assemblyFilter()" strategy="xUnitTest" />
        <TrackedMethod uid="34" token="100663334" name="System.Void FluentAssemblyScanner.Tests.Instantiatable_Test::FromAssemblyNamed_should_be_instantiatable_with_assemblyName()" strategy="xUnitTest" />
        <TrackedMethod uid="35" token="100663335" name="System.Void FluentAssemblyScanner.Tests.Instantiatable_Test::FromAssemblies_should_be_instantiatable_with_given_assemblies()" strategy="xUnitTest" />
        <TrackedMethod uid="36" token="100663336" name="System.Void FluentAssemblyScanner.Tests.Instantiatable_Test::FromThisAssembly_should_be_instantiatable()" strategy="xUnitTest" />
        <TrackedMethod uid="37" token="100663337" name="System.Void FluentAssemblyScanner.Tests.Instantiatable_Test::FromAssemblyInThisApplicationDirector_should_be_instantiatable()" strategy="xUnitTest" />
      </TrackedMethods>
    </Module>
    <Module skippedDueTo="Filter" hash="02-51-E9-61-0D-BE-7C-39-07-DA-CF-24-A7-CD-4E-72-BA-FE-F5-72">
      <ModulePath>D:\srcs\GitProjects\FluentAssemblyScanner\tools\xunitrunner\xunit.runner.utility.net452.dll</ModulePath>
      <ModuleTime>2017-02-13T08:06:36Z</ModuleTime>
      <ModuleName>xunit.runner.utility.net452</ModuleName>
      <Classes />
    </Module>
    <Module skippedDueTo="Filter" hash="F0-48-43-12-CE-93-BD-FB-18-77-EE-A8-28-D0-32-28-3B-68-74-94">
      <ModulePath>C:\Users\OSOYKAN\AppData\Local\Temp\7f89693e-9dd1-4665-a776-c204d6d0f07c\7f89693e-9dd1-4665-a776-c204d6d0f07c\assembly\dl3\9ffc8aba\000ea018_d085d201\xunit.execution.desktop.dll</ModulePath>
      <ModuleTime>2017-02-13T21:37:39.4513114Z</ModuleTime>
      <ModuleName>xunit.execution.desktop</ModuleName>
      <Classes />
    </Module>
    <Module skippedDueTo="Filter" hash="9E-A9-5D-7F-86-82-4D-02-7D-07-AD-C0-17-06-5D-73-8F-1F-28-44">
      <ModulePath>C:\Users\OSOYKAN\AppData\Local\Temp\7f89693e-9dd1-4665-a776-c204d6d0f07c\7f89693e-9dd1-4665-a776-c204d6d0f07c\assembly\dl3\11077d7f\003f6c2f_00f2d101\xunit.abstractions.dll</ModulePath>
      <ModuleTime>2017-02-13T21:37:39.4693523Z</ModuleTime>
      <ModuleName>xunit.abstractions</ModuleName>
      <Classes />
    </Module>
    <Module skippedDueTo="Filter" hash="2F-06-CB-9E-45-EB-3F-7A-7A-0E-09-BA-75-25-0C-EF-AA-90-8E-2B">
      <ModulePath>C:\WINDOWS\Microsoft.Net\assembly\GAC_MSIL\System\v4.0_4.0.0.0__b77a5c561934e089\System.dll</ModulePath>
      <ModuleTime>2016-07-16T11:43:55.5461496Z</ModuleTime>
      <ModuleName>System</ModuleName>
      <Classes />
    </Module>
    <Module skippedDueTo="Filter" hash="EC-A3-D8-55-A5-5E-35-8B-E6-72-3B-0E-48-BD-25-F9-49-08-ED-13">
      <ModulePath>C:\Users\OSOYKAN\AppData\Local\Temp\7f89693e-9dd1-4665-a776-c204d6d0f07c\7f89693e-9dd1-4665-a776-c204d6d0f07c\assembly\dl3\150b6c13\ce180ee6_3886d201\FluentAssemblyScanner.Tests.dll</ModulePath>
      <ModuleTime>2017-02-13T21:37:39.5098827Z</ModuleTime>
      <ModuleName>FluentAssemblyScanner.Tests</ModuleName>
      <Classes />
      <TrackedMethods>
        <TrackedMethod uid="38" token="100663297" name="System.Void FluentAssemblyScanner.Tests.AllTypes_Tests::AllTypes_should_be_return_greater_than_zero()" strategy="xUnitTest" />
        <TrackedMethod uid="39" token="100663298" name="System.Void FluentAssemblyScanner.Tests.AllTypes_Tests::AllTypes_should_be_scan_all_classes_in_given_assembly()" strategy="xUnitTest" />
        <TrackedMethod uid="40" token="100663300" name="System.Void FluentAssemblyScanner.Tests.ExcludeAssemblyContaining_Tests::AllTypes_should_return_count_greater_than_zero()" strategy="xUnitTest" />
        <TrackedMethod uid="41" token="100663301" name="System.Void FluentAssemblyScanner.Tests.ExcludeAssemblyContaining_Tests::should_work_as_expected()" strategy="xUnitTest" />
        <TrackedMethod uid="42" token="100663302" name="System.Void FluentAssemblyScanner.Tests.ExcludeAssemblyContaining_Tests::should_work_on_not_wanted_assemblies()" strategy="xUnitTest" />
        <TrackedMethod uid="43" token="100663303" name="System.Void FluentAssemblyScanner.Tests.ExcludeAssemblyContaining_Tests::should_not_contains_private_classes_when_nonpublictypes_is_not_included()" strategy="xUnitTest" />
        <TrackedMethod uid="44" token="100663304" name="System.Void FluentAssemblyScanner.Tests.ExcludeAssemblyContaining_Tests::should_contains_private_classes_when_nonpublictypes_included()" strategy="xUnitTest" />
        <TrackedMethod uid="45" token="100663305" name="System.Void FluentAssemblyScanner.Tests.ExcludeAssemblyContaining_Tests::should_not_find_any_type_from_excluded_assembly()" strategy="xUnitTest" />
        <TrackedMethod uid="46" token="100663306" name="System.Void FluentAssemblyScanner.Tests.ExcludeAssemblyContaining_Tests::should_not_find_any_type_from_excluded_assembly_with_full_named()" strategy="xUnitTest" />
        <TrackedMethod uid="47" token="100663307" name="System.Void FluentAssemblyScanner.Tests.ExcludeAssemblyContaining_Tests::should_not_find_any_type_from_excluded_assembly_with_name_starts_with()" strategy="xUnitTest" />
        <TrackedMethod uid="48" token="100663308" name="System.Void FluentAssemblyScanner.Tests.ExcludeAssemblyContaining_Tests::should_not_find_any_type_from_excluded_assembly_with_name_ends_with()" strategy="xUnitTest" />
        <TrackedMethod uid="49" token="100663309" name="System.Void FluentAssemblyScanner.Tests.ExcludeAssemblyContaining_Tests::should_not_find_any_type_from_excluded_assembly_with_name()" strategy="xUnitTest" />
        <TrackedMethod uid="50" token="100663310" name="System.Void FluentAssemblyScanner.Tests.ExcludeAssemblyContaining_Tests::should_not_find_any_type_from_excluded_assembly_with_name_contains()" strategy="xUnitTest" />
        <TrackedMethod uid="51" token="100663311" name="System.Void FluentAssemblyScanner.Tests.ExcludeAssemblyContaining_Tests::should_not_find_any_type_from_excluded_assembly_should_work_on_ignored_dynamic_assemblies()" strategy="xUnitTest" />
        <TrackedMethod uid="52" token="100663313" name="System.Void FluentAssemblyScanner.Tests.FilterDefiner_Tests::when_use_with_filter_with_methodHasAttribute_should_work()" strategy="xUnitTest" />
        <TrackedMethod uid="53" token="100663314" name="System.Void FluentAssemblyScanner.Tests.FilterDefiner_Tests::when_use_with_filter_with_method_name_contains()" strategy="xUnitTest" />
        <TrackedMethod uid="54" token="100663315" name="System.Void FluentAssemblyScanner.Tests.FilterDefiner_Tests::when_use_with_filter_with_non_abstract_classes_should_not_return_any_abstract()" strategy="xUnitTest" />
        <TrackedMethod uid="55" token="100663316" name="System.Void FluentAssemblyScanner.Tests.FilterDefiner_Tests::when_use_with_filter_with_static_classes_should_return_also_static_classes()" strategy="xUnitTest" />
        <TrackedMethod uid="56" token="100663317" name="System.Void FluentAssemblyScanner.Tests.FilterDefiner_Tests::when_use_with_filter_with_non_static_classes_should_not_return_any_static()" strategy="xUnitTest" />
        <TrackedMethod uid="57" token="100663318" name="System.Void FluentAssemblyScanner.Tests.FilterDefiner_Tests::when_use_with_filter_with_just_interfaces_should_work()" strategy="xUnitTest" />
        <TrackedMethod uid="58" token="100663320" name="System.Void FluentAssemblyScanner.Tests.FromAssemblyDefinerBase_Tests::PickAny_count_should_be_greater_than_zero()" strategy="xUnitTest" />
        <TrackedMethod uid="59" token="100663321" name="System.Void FluentAssemblyScanner.Tests.FromAssemblyDefinerBase_Tests::should_filter_by_namespace()" strategy="xUnitTest" />
        <TrackedMethod uid="60" token="100663322" name="System.Void FluentAssemblyScanner.Tests.FromAssemblyDefinerBase_Tests::when_sub_namespace_search_option_is_not_active_then_the_sub_namespaced_type_doesnt_count_inside_of_scanned_types()" strategy="xUnitTest" />
        <TrackedMethod uid="61" token="100663323" name="System.Void FluentAssemblyScanner.Tests.FromAssemblyDefinerBase_Tests::when_sub_namespace_search_option_is_active_then_the_sub_namespaced_type_counts_inside_of_scanned_types()" strategy="xUnitTest" />
        <TrackedMethod uid="62" token="100663324" name="System.Void FluentAssemblyScanner.Tests.FromAssemblyDefinerBase_Tests::when_use_with_based_ons_and_classes_filter_should_work()" strategy="xUnitTest" />
        <TrackedMethod uid="63" token="100663325" name="System.Void FluentAssemblyScanner.Tests.FromAssemblyDefinerBase_Tests::when_use_with_based_ons_and_filter_should_work_and_returns_also_interfaces()" strategy="xUnitTest" />
        <TrackedMethod uid="64" token="100663326" name="System.Void FluentAssemblyScanner.Tests.FromAssemblyDefinerBase_Tests::should_return_related_types_with_based_ons()" strategy="xUnitTest" />
        <TrackedMethod uid="65" token="100663328" name="System.Void FluentAssemblyScanner.Tests.Instantiatable_Test::FromAssembly_should_be_instantiatable_by_passing_an_assembly()" strategy="xUnitTest" />
        <TrackedMethod uid="66" token="100663329" name="System.Void FluentAssemblyScanner.Tests.Instantiatable_Test::FromAssemblyContaining_should_be_instantiatable_by_given_type()" strategy="xUnitTest" />
        <TrackedMethod uid="67" token="100663330" name="System.Void FluentAssemblyScanner.Tests.Instantiatable_Test::FromAssemblyContaining_should_be_instantiatable_by_given_t_generic()" strategy="xUnitTest" />
        <TrackedMethod uid="68" token="100663331" name="System.Void FluentAssemblyScanner.Tests.Instantiatable_Test::FromAssemblyInDirectory_should_be_instantiatable_by_given_AssemblyFilter()" strategy="xUnitTest" />
        <TrackedMethod uid="69" token="100663332" name="System.Void FluentAssemblyScanner.Tests.Instantiatable_Test::FromAssemblyInThisApplication_should_be_instantiatable()" strategy="xUnitTest" />
        <TrackedMethod uid="70" token="100663333" name="System.Void FluentAssemblyScanner.Tests.Instantiatable_Test::FromAssemblyMatchingNamed_should_be_instantiatable_with_assemblyPrefix_and_assemblyFilter()" strategy="xUnitTest" />
        <TrackedMethod uid="71" token="100663334" name="System.Void FluentAssemblyScanner.Tests.Instantiatable_Test::FromAssemblyNamed_should_be_instantiatable_with_assemblyName()" strategy="xUnitTest" />
        <TrackedMethod uid="72" token="100663335" name="System.Void FluentAssemblyScanner.Tests.Instantiatable_Test::FromAssemblies_should_be_instantiatable_with_given_assemblies()" strategy="xUnitTest" />
        <TrackedMethod uid="73" token="100663336" name="System.Void FluentAssemblyScanner.Tests.Instantiatable_Test::FromThisAssembly_should_be_instantiatable()" strategy="xUnitTest" />
        <TrackedMethod uid="74" token="100663337" name="System.Void FluentAssemblyScanner.Tests.Instantiatable_Test::FromAssemblyInThisApplicationDirector_should_be_instantiatable()" strategy="xUnitTest" />
      </TrackedMethods>
    </Module>
    <Module skippedDueTo="Filter" hash="0D-67-A2-5D-8D-B1-64-77-4D-21-EE-4C-95-24-71-3D-EF-CE-59-A8">
      <ModulePath>D:\srcs\GitProjects\FluentAssemblyScanner\tools\xunitrunner\xunit.console.x86.exe</ModulePath>
      <ModuleTime>2017-02-13T08:06:36Z</ModuleTime>
      <ModuleName>xunit.console.x86</ModuleName>
      <Classes />
    </Module>
    <Module skippedDueTo="Filter" hash="E5-DE-BE-E6-36-3A-18-9D-19-75-10-62-04-4B-5A-43-5C-48-C4-34">
      <ModulePath>C:\WINDOWS\Microsoft.Net\assembly\GAC_MSIL\System.Core\v4.0_4.0.0.0__b77a5c561934e089\System.Core.dll</ModulePath>
      <ModuleTime>2016-07-16T11:43:57.1711464Z</ModuleTime>
      <ModuleName>System.Core</ModuleName>
      <Classes />
    </Module>
    <Module skippedDueTo="Filter" hash="2C-2B-57-08-79-A9-C2-55-10-F3-F6-7C-36-DC-12-BC-75-32-9C-D3">
      <ModulePath>C:\Users\OSOYKAN\AppData\Local\Temp\7f89693e-9dd1-4665-a776-c204d6d0f07c\7f89693e-9dd1-4665-a776-c204d6d0f07c\assembly\dl3\591df113\000ea018_d085d201\xunit.core.dll</ModulePath>
      <ModuleTime>2017-02-13T21:37:39.5864346Z</ModuleTime>
      <ModuleName>xunit.core</ModuleName>
      <Classes />
    </Module>
    <Module skippedDueTo="Filter" hash="80-F1-27-EE-EC-CF-73-80-64-F1-24-F4-EB-2A-0A-95-BF-DA-78-B6">
      <ModulePath>C:\WINDOWS\Microsoft.Net\assembly\GAC_MSIL\System.Runtime\v4.0_4.0.0.0__b03f5f7f11d50a3a\System.Runtime.dll</ModulePath>
      <ModuleTime>2016-07-16T11:43:55.5773993Z</ModuleTime>
      <ModuleName>System.Runtime</ModuleName>
      <Classes />
    </Module>
    <Module skippedDueTo="Filter" hash="FB-A8-28-7E-D3-81-DD-16-9A-F4-F7-07-E9-F1-48-3B-6D-E4-C2-4E">
      <ModulePath>C:\WINDOWS\Microsoft.Net\assembly\GAC_MSIL\System.Threading.Tasks\v4.0_4.0.0.0__b03f5f7f11d50a3a\System.Threading.Tasks.dll</ModulePath>
      <ModuleTime>2016-07-16T11:43:53.8586529Z</ModuleTime>
      <ModuleName>System.Threading.Tasks</ModuleName>
      <Classes />
    </Module>
    <Module skippedDueTo="Filter" hash="B0-27-34-ED-41-E0-9C-53-37-4D-FB-B4-60-39-84-52-AC-FB-A6-85">
      <ModulePath>C:\WINDOWS\Microsoft.Net\assembly\GAC_MSIL\System.Collections\v4.0_4.0.0.0__b03f5f7f11d50a3a\System.Collections.dll</ModulePath>
      <ModuleTime>2016-07-16T11:43:57.3273959Z</ModuleTime>
      <ModuleName>System.Collections</ModuleName>
      <Classes />
    </Module>
    <Module hash="47-06-1B-2A-9C-70-99-BD-B3-88-49-41-44-D5-AE-BA-66-3A-06-CD">
      <Summary numSequencePoints="949" visitedSequencePoints="383" numBranchPoints="366" visitedBranchPoints="138" sequenceCoverage="40.36" branchCoverage="37.70" maxCyclomaticComplexity="8" minCyclomaticComplexity="1" visitedClasses="32" numClasses="69" visitedMethods="107" numMethods="274" />
      <ModulePath>C:\Users\OSOYKAN\AppData\Local\Temp\7f89693e-9dd1-4665-a776-c204d6d0f07c\7f89693e-9dd1-4665-a776-c204d6d0f07c\assembly\dl3\5edbaa1f\bf4d2ae5_3886d201\FluentAssemblyScanner.dll</ModulePath>
      <ModuleTime>2017-02-13T21:37:40.1828561Z</ModuleTime>
      <ModuleName>FluentAssemblyScanner</ModuleName>
      <Files>
        <File uid="1" fullPath="D:\srcs\GitProjects\FluentAssemblyScanner\src\FluentAssemblyScanner\JetbrainsAnnotations.cs" />
        <File uid="32" fullPath="D:\srcs\GitProjects\FluentAssemblyScanner\src\FluentAssemblyScanner\AppDomainExtensions.cs" />
        <File uid="33" fullPath="D:\srcs\GitProjects\FluentAssemblyScanner\src\FluentAssemblyScanner\AssemblyFilter.cs" />
        <File uid="36" fullPath="D:\srcs\GitProjects\FluentAssemblyScanner\src\FluentAssemblyScanner\AssemblyScanner.cs" />
        <File uid="37" fullPath="D:\srcs\GitProjects\FluentAssemblyScanner\src\FluentAssemblyScanner\BasedOnDefiner.cs" />
        <File uid="40" fullPath="D:\srcs\GitProjects\FluentAssemblyScanner\src\FluentAssemblyScanner\BasedOnDefinerBase.cs" />
        <File uid="42" fullPath="D:\srcs\GitProjects\FluentAssemblyScanner\src\FluentAssemblyScanner\Check.cs" />
        <File uid="43" fullPath="D:\srcs\GitProjects\FluentAssemblyScanner\src\FluentAssemblyScanner\CollectionExtensions.cs" />
        <File uid="44" fullPath="D:\srcs\GitProjects\FluentAssemblyScanner\src\FluentAssemblyScanner\ComponentExtensions.cs" />
        <File uid="46" fullPath="D:\srcs\GitProjects\FluentAssemblyScanner\src\FluentAssemblyScanner\FilterDefiner.cs" />
        <File uid="51" fullPath="D:\srcs\GitProjects\FluentAssemblyScanner\src\FluentAssemblyScanner\FilterDefinerBase.cs" />
        <File uid="53" fullPath="D:\srcs\GitProjects\FluentAssemblyScanner\src\FluentAssemblyScanner\FromAssemblyDefiner.cs" />
        <File uid="60" fullPath="D:\srcs\GitProjects\FluentAssemblyScanner\src\FluentAssemblyScanner\FromAssemblyDefinerBase.cs" />
        <File uid="62" fullPath="D:\srcs\GitProjects\FluentAssemblyScanner\src\FluentAssemblyScanner\FunctionExtensions.cs" />
        <File uid="64" fullPath="D:\srcs\GitProjects\FluentAssemblyScanner\src\FluentAssemblyScanner\ObjectExtensions.cs" />
        <File uid="65" fullPath="D:\srcs\GitProjects\FluentAssemblyScanner\src\FluentAssemblyScanner\PredicateExtensions.cs" />
        <File uid="66" fullPath="D:\srcs\GitProjects\FluentAssemblyScanner\src\FluentAssemblyScanner\ReflectionUtil.cs" />
      </Files>
      <Classes>
        <Class>
          <Summary numSequencePoints="0" visitedSequencePoints="0" numBranchPoints="0" visitedBranchPoints="0" sequenceCoverage="0" branchCoverage="0" maxCyclomaticComplexity="0" minCyclomaticComplexity="0" visitedClasses="0" numClasses="0" visitedMethods="0" numMethods="0" />
          <FullName>&lt;Module&gt;</FullName>
          <Methods />
        </Class>
        <Class>
          <Summary numSequencePoints="0" visitedSequencePoints="0" numBranchPoints="0" visitedBranchPoints="0" sequenceCoverage="0" branchCoverage="0" maxCyclomaticComplexity="1" minCyclomaticComplexity="1" visitedClasses="0" numClasses="0" visitedMethods="0" numMethods="0" />
          <FullName>JetBrains.Annotations.CanBeNullAttribute</FullName>
          <Methods>
            <Method visited="false" cyclomaticComplexity="1" nPathComplexity="0" sequenceCoverage="0" branchCoverage="0" isConstructor="true" isStatic="false" isGetter="false" isSetter="false">
              <Summary numSequencePoints="0" visitedSequencePoints="0" numBranchPoints="0" visitedBranchPoints="0" sequenceCoverage="0" branchCoverage="0" maxCyclomaticComplexity="1" minCyclomaticComplexity="1" visitedClasses="0" numClasses="0" visitedMethods="0" numMethods="0" />
              <MetadataToken>100663297</MetadataToken>
              <Name>System.Void JetBrains.Annotations.CanBeNullAttribute::.ctor()</Name>
              <SequencePoints />
              <BranchPoints />
              <MethodPoint vc="0" uspid="1" ordinal="0" offset="0" />
            </Method>
          </Methods>
        </Class>
        <Class>
          <Summary numSequencePoints="0" visitedSequencePoints="0" numBranchPoints="0" visitedBranchPoints="0" sequenceCoverage="0" branchCoverage="0" maxCyclomaticComplexity="1" minCyclomaticComplexity="1" visitedClasses="0" numClasses="0" visitedMethods="0" numMethods="0" />
          <FullName>JetBrains.Annotations.NotNullAttribute</FullName>
          <Methods>
            <Method visited="false" cyclomaticComplexity="1" nPathComplexity="0" sequenceCoverage="0" branchCoverage="0" isConstructor="true" isStatic="false" isGetter="false" isSetter="false">
              <Summary numSequencePoints="0" visitedSequencePoints="0" numBranchPoints="0" visitedBranchPoints="0" sequenceCoverage="0" branchCoverage="0" maxCyclomaticComplexity="1" minCyclomaticComplexity="1" visitedClasses="0" numClasses="0" visitedMethods="0" numMethods="0" />
              <MetadataToken>100663298</MetadataToken>
              <Name>System.Void JetBrains.Annotations.NotNullAttribute::.ctor()</Name>
              <SequencePoints />
              <BranchPoints />
              <MethodPoint vc="0" uspid="2" ordinal="0" offset="0" />
            </Method>
          </Methods>
        </Class>
        <Class>
          <Summary numSequencePoints="0" visitedSequencePoints="0" numBranchPoints="0" visitedBranchPoints="0" sequenceCoverage="0" branchCoverage="0" maxCyclomaticComplexity="1" minCyclomaticComplexity="1" visitedClasses="0" numClasses="0" visitedMethods="0" numMethods="0" />
          <FullName>JetBrains.Annotations.ItemNotNullAttribute</FullName>
          <Methods>
            <Method visited="false" cyclomaticComplexity="1" nPathComplexity="0" sequenceCoverage="0" branchCoverage="0" isConstructor="true" isStatic="false" isGetter="false" isSetter="false">
              <Summary numSequencePoints="0" visitedSequencePoints="0" numBranchPoints="0" visitedBranchPoints="0" sequenceCoverage="0" branchCoverage="0" maxCyclomaticComplexity="1" minCyclomaticComplexity="1" visitedClasses="0" numClasses="0" visitedMethods="0" numMethods="0" />
              <MetadataToken>100663299</MetadataToken>
              <Name>System.Void JetBrains.Annotations.ItemNotNullAttribute::.ctor()</Name>
              <SequencePoints />
              <BranchPoints />
              <MethodPoint vc="0" uspid="3" ordinal="0" offset="0" />
            </Method>
          </Methods>
        </Class>
        <Class>
          <Summary numSequencePoints="0" visitedSequencePoints="0" numBranchPoints="0" visitedBranchPoints="0" sequenceCoverage="0" branchCoverage="0" maxCyclomaticComplexity="1" minCyclomaticComplexity="1" visitedClasses="0" numClasses="0" visitedMethods="0" numMethods="0" />
          <FullName>JetBrains.Annotations.ItemCanBeNullAttribute</FullName>
          <Methods>
            <Method visited="false" cyclomaticComplexity="1" nPathComplexity="0" sequenceCoverage="0" branchCoverage="0" isConstructor="true" isStatic="false" isGetter="false" isSetter="false">
              <Summary numSequencePoints="0" visitedSequencePoints="0" numBranchPoints="0" visitedBranchPoints="0" sequenceCoverage="0" branchCoverage="0" maxCyclomaticComplexity="1" minCyclomaticComplexity="1" visitedClasses="0" numClasses="0" visitedMethods="0" numMethods="0" />
              <MetadataToken>100663300</MetadataToken>
              <Name>System.Void JetBrains.Annotations.ItemCanBeNullAttribute::.ctor()</Name>
              <SequencePoints />
              <BranchPoints />
              <MethodPoint vc="0" uspid="4" ordinal="0" offset="0" />
            </Method>
          </Methods>
        </Class>
        <Class>
          <Summary numSequencePoints="6" visitedSequencePoints="0" numBranchPoints="3" visitedBranchPoints="0" sequenceCoverage="0" branchCoverage="0" maxCyclomaticComplexity="1" minCyclomaticComplexity="1" visitedClasses="0" numClasses="1" visitedMethods="0" numMethods="3" />
          <FullName>JetBrains.Annotations.StringFormatMethodAttribute</FullName>
          <Methods>
            <Method visited="false" cyclomaticComplexity="1" nPathComplexity="0" sequenceCoverage="0" branchCoverage="0" isConstructor="false" isStatic="false" isGetter="true" isSetter="false">
              <Summary numSequencePoints="1" visitedSequencePoints="0" numBranchPoints="1" visitedBranchPoints="0" sequenceCoverage="0" branchCoverage="0" maxCyclomaticComplexity="1" minCyclomaticComplexity="1" visitedClasses="0" numClasses="0" visitedMethods="0" numMethods="1" />
              <MetadataToken>100663302</MetadataToken>
              <Name>System.String JetBrains.Annotations.StringFormatMethodAttribute::get_FormatParameterName()</Name>
              <FileRef uid="1" />
              <SequencePoints>
                <SequencePoint vc="0" uspid="5" ordinal="0" offset="0" sl="114" sc="45" el="114" ec="49" bec="0" bev="0" fileid="1" />
              </SequencePoints>
              <BranchPoints />
              <MethodPoint xsi:type="SequencePoint" vc="0" uspid="5" ordinal="0" offset="0" sl="114" sc="45" el="114" ec="49" bec="0" bev="0" fileid="1" />
            </Method>
            <Method visited="false" cyclomaticComplexity="1" nPathComplexity="0" sequenceCoverage="0" branchCoverage="0" isConstructor="false" isStatic="false" isGetter="false" isSetter="true">
              <Summary numSequencePoints="1" visitedSequencePoints="0" numBranchPoints="1" visitedBranchPoints="0" sequenceCoverage="0" branchCoverage="0" maxCyclomaticComplexity="1" minCyclomaticComplexity="1" visitedClasses="0" numClasses="0" visitedMethods="0" numMethods="1" />
              <MetadataToken>100663303</MetadataToken>
              <Name>System.Void JetBrains.Annotations.StringFormatMethodAttribute::set_FormatParameterName(System.String)</Name>
              <FileRef uid="1" />
              <SequencePoints>
                <SequencePoint vc="0" uspid="6" ordinal="0" offset="0" sl="114" sc="50" el="114" ec="62" bec="0" bev="0" fileid="1" />
              </SequencePoints>
              <BranchPoints />
              <MethodPoint xsi:type="SequencePoint" vc="0" uspid="6" ordinal="0" offset="0" sl="114" sc="50" el="114" ec="62" bec="0" bev="0" fileid="1" />
            </Method>
            <Method visited="false" cyclomaticComplexity="1" nPathComplexity="0" sequenceCoverage="0" branchCoverage="0" isConstructor="true" isStatic="false" isGetter="false" isSetter="false">
              <Summary numSequencePoints="4" visitedSequencePoints="0" numBranchPoints="1" visitedBranchPoints="0" sequenceCoverage="0" branchCoverage="0" maxCyclomaticComplexity="1" minCyclomaticComplexity="1" visitedClasses="0" numClasses="0" visitedMethods="0" numMethods="1" />
              <MetadataToken>100663301</MetadataToken>
              <Name>System.Void JetBrains.Annotations.StringFormatMethodAttribute::.ctor(System.String)</Name>
              <FileRef uid="1" />
              <SequencePoints>
                <SequencePoint vc="0" uspid="7" ordinal="0" offset="0" sl="108" sc="9" el="108" ec="81" bec="0" bev="0" fileid="1" />
                <SequencePoint vc="0" uspid="8" ordinal="1" offset="7" sl="109" sc="9" el="109" ec="10" bec="0" bev="0" fileid="1" />
                <SequencePoint vc="0" uspid="9" ordinal="2" offset="8" sl="110" sc="13" el="110" ec="55" bec="0" bev="0" fileid="1" />
                <SequencePoint vc="0" uspid="10" ordinal="3" offset="16" sl="111" sc="9" el="111" ec="10" bec="0" bev="0" fileid="1" />
              </SequencePoints>
              <BranchPoints />
              <MethodPoint xsi:type="SequencePoint" vc="0" uspid="7" ordinal="0" offset="0" sl="108" sc="9" el="108" ec="81" bec="0" bev="0" fileid="1" />
            </Method>
          </Methods>
        </Class>
        <Class>
          <Summary numSequencePoints="6" visitedSequencePoints="0" numBranchPoints="3" visitedBranchPoints="0" sequenceCoverage="0" branchCoverage="0" maxCyclomaticComplexity="1" minCyclomaticComplexity="1" visitedClasses="0" numClasses="1" visitedMethods="0" numMethods="3" />
          <FullName>JetBrains.Annotations.ValueProviderAttribute</FullName>
          <Methods>
            <Method visited="false" cyclomaticComplexity="1" nPathComplexity="0" sequenceCoverage="0" branchCoverage="0" isConstructor="false" isStatic="false" isGetter="true" isSetter="false">
              <Summary numSequencePoints="1" visitedSequencePoints="0" numBranchPoints="1" visitedBranchPoints="0" sequenceCoverage="0" branchCoverage="0" maxCyclomaticComplexity="1" minCyclomaticComplexity="1" visitedClasses="0" numClasses="0" visitedMethods="0" numMethods="1" />
              <MetadataToken>100663305</MetadataToken>
              <Name>System.String JetBrains.Annotations.ValueProviderAttribute::get_Name()</Name>
              <FileRef uid="1" />
              <SequencePoints>
                <SequencePoint vc="0" uspid="11" ordinal="0" offset="0" sl="132" sc="30" el="132" ec="34" bec="0" bev="0" fileid="1" />
              </SequencePoints>
              <BranchPoints />
              <MethodPoint xsi:type="SequencePoint" vc="0" uspid="11" ordinal="0" offset="0" sl="132" sc="30" el="132" ec="34" bec="0" bev="0" fileid="1" />
            </Method>
            <Method visited="false" cyclomaticComplexity="1" nPathComplexity="0" sequenceCoverage="0" branchCoverage="0" isConstructor="false" isStatic="false" isGetter="false" isSetter="true">
              <Summary numSequencePoints="1" visitedSequencePoints="0" numBranchPoints="1" visitedBranchPoints="0" sequenceCoverage="0" branchCoverage="0" maxCyclomaticComplexity="1" minCyclomaticComplexity="1" visitedClasses="0" numClasses="0" visitedMethods="0" numMethods="1" />
              <MetadataToken>100663306</MetadataToken>
              <Name>System.Void JetBrains.Annotations.ValueProviderAttribute::set_Name(System.String)</Name>
              <FileRef uid="1" />
              <SequencePoints>
                <SequencePoint vc="0" uspid="12" ordinal="0" offset="0" sl="132" sc="35" el="132" ec="47" bec="0" bev="0" fileid="1" />
              </SequencePoints>
              <BranchPoints />
              <MethodPoint xsi:type="SequencePoint" vc="0" uspid="12" ordinal="0" offset="0" sl="132" sc="35" el="132" ec="47" bec="0" bev="0" fileid="1" />
            </Method>
            <Method visited="false" cyclomaticComplexity="1" nPathComplexity="0" sequenceCoverage="0" branchCoverage="0" isConstructor="true" isStatic="false" isGetter="false" isSetter="false">
              <Summary numSequencePoints="4" visitedSequencePoints="0" numBranchPoints="1" visitedBranchPoints="0" sequenceCoverage="0" branchCoverage="0" maxCyclomaticComplexity="1" minCyclomaticComplexity="1" visitedClasses="0" numClasses="0" visitedMethods="0" numMethods="1" />
              <MetadataToken>100663304</MetadataToken>
              <Name>System.Void JetBrains.Annotations.ValueProviderAttribute::.ctor(System.String)</Name>
              <FileRef uid="1" />
              <SequencePoints>
                <SequencePoint vc="0" uspid="13" ordinal="0" offset="0" sl="126" sc="9" el="126" ec="61" bec="0" bev="0" fileid="1" />
                <SequencePoint vc="0" uspid="14" ordinal="1" offset="7" sl="127" sc="9" el="127" ec="10" bec="0" bev="0" fileid="1" />
                <SequencePoint vc="0" uspid="15" ordinal="2" offset="8" sl="128" sc="13" el="128" ec="25" bec="0" bev="0" fileid="1" />
                <SequencePoint vc="0" uspid="16" ordinal="3" offset="16" sl="129" sc="9" el="129" ec="10" bec="0" bev="0" fileid="1" />
              </SequencePoints>
              <BranchPoints />
              <MethodPoint xsi:type="SequencePoint" vc="0" uspid="13" ordinal="0" offset="0" sl="126" sc="9" el="126" ec="61" bec="0" bev="0" fileid="1" />
            </Method>
          </Methods>
        </Class>
        <Class>
          <Summary numSequencePoints="0" visitedSequencePoints="0" numBranchPoints="0" visitedBranchPoints="0" sequenceCoverage="0" branchCoverage="0" maxCyclomaticComplexity="1" minCyclomaticComplexity="1" visitedClasses="0" numClasses="0" visitedMethods="0" numMethods="0" />
          <FullName>JetBrains.Annotations.InvokerParameterNameAttribute</FullName>
          <Methods>
            <Method visited="false" cyclomaticComplexity="1" nPathComplexity="0" sequenceCoverage="0" branchCoverage="0" isConstructor="true" isStatic="false" isGetter="false" isSetter="false">
              <Summary numSequencePoints="0" visitedSequencePoints="0" numBranchPoints="0" visitedBranchPoints="0" sequenceCoverage="0" branchCoverage="0" maxCyclomaticComplexity="1" minCyclomaticComplexity="1" visitedClasses="0" numClasses="0" visitedMethods="0" numMethods="0" />
              <MetadataToken>100663307</MetadataToken>
              <Name>System.Void JetBrains.Annotations.InvokerParameterNameAttribute::.ctor()</Name>
              <SequencePoints />
              <BranchPoints />
              <MethodPoint vc="0" uspid="17" ordinal="0" offset="0" />
            </Method>
          </Methods>
        </Class>
        <Class>
          <Summary numSequencePoints="9" visitedSequencePoints="0" numBranchPoints="4" visitedBranchPoints="0" sequenceCoverage="0" branchCoverage="0" maxCyclomaticComplexity="1" minCyclomaticComplexity="1" visitedClasses="0" numClasses="1" visitedMethods="0" numMethods="4" />
          <FullName>JetBrains.Annotations.NotifyPropertyChangedInvocatorAttribute</FullName>
          <Methods>
            <Method visited="false" cyclomaticComplexity="1" nPathComplexity="0" sequenceCoverage="0" branchCoverage="0" isConstructor="false" isStatic="false" isGetter="true" isSetter="false">
              <Summary numSequencePoints="1" visitedSequencePoints="0" numBranchPoints="1" visitedBranchPoints="0" sequenceCoverage="0" branchCoverage="0" maxCyclomaticComplexity="1" minCyclomaticComplexity="1" visitedClasses="0" numClasses="0" visitedMethods="0" numMethods="1" />
              <MetadataToken>100663310</MetadataToken>
              <Name>System.String JetBrains.Annotations.NotifyPropertyChangedInvocatorAttribute::get_ParameterName()</Name>
              <FileRef uid="1" />
              <SequencePoints>
                <SequencePoint vc="0" uspid="18" ordinal="0" offset="0" sl="197" sc="39" el="197" ec="43" bec="0" bev="0" fileid="1" />
              </SequencePoints>
              <BranchPoints />
              <MethodPoint xsi:type="SequencePoint" vc="0" uspid="18" ordinal="0" offset="0" sl="197" sc="39" el="197" ec="43" bec="0" bev="0" fileid="1" />
            </Method>
            <Method visited="false" cyclomaticComplexity="1" nPathComplexity="0" sequenceCoverage="0" branchCoverage="0" isConstructor="false" isStatic="false" isGetter="false" isSetter="true">
              <Summary numSequencePoints="1" visitedSequencePoints="0" numBranchPoints="1" visitedBranchPoints="0" sequenceCoverage="0" branchCoverage="0" maxCyclomaticComplexity="1" minCyclomaticComplexity="1" visitedClasses="0" numClasses="0" visitedMethods="0" numMethods="1" />
              <MetadataToken>100663311</MetadataToken>
              <Name>System.Void JetBrains.Annotations.NotifyPropertyChangedInvocatorAttribute::set_ParameterName(System.String)</Name>
              <FileRef uid="1" />
              <SequencePoints>
                <SequencePoint vc="0" uspid="19" ordinal="0" offset="0" sl="197" sc="44" el="197" ec="56" bec="0" bev="0" fileid="1" />
              </SequencePoints>
              <BranchPoints />
              <MethodPoint xsi:type="SequencePoint" vc="0" uspid="19" ordinal="0" offset="0" sl="197" sc="44" el="197" ec="56" bec="0" bev="0" fileid="1" />
            </Method>
            <Method visited="false" cyclomaticComplexity="1" nPathComplexity="0" sequenceCoverage="0" branchCoverage="0" isConstructor="true" isStatic="false" isGetter="false" isSetter="false">
              <Summary numSequencePoints="3" visitedSequencePoints="0" numBranchPoints="1" visitedBranchPoints="0" sequenceCoverage="0" branchCoverage="0" maxCyclomaticComplexity="1" minCyclomaticComplexity="1" visitedClasses="0" numClasses="0" visitedMethods="0" numMethods="1" />
              <MetadataToken>100663308</MetadataToken>
              <Name>System.Void JetBrains.Annotations.NotifyPropertyChangedInvocatorAttribute::.ctor()</Name>
              <FileRef uid="1" />
              <SequencePoints>
                <SequencePoint vc="0" uspid="20" ordinal="0" offset="0" sl="190" sc="9" el="190" ec="57" bec="0" bev="0" fileid="1" />
                <SequencePoint vc="0" uspid="21" ordinal="1" offset="7" sl="190" sc="58" el="190" ec="59" bec="0" bev="0" fileid="1" />
                <SequencePoint vc="0" uspid="22" ordinal="2" offset="8" sl="190" sc="60" el="190" ec="61" bec="0" bev="0" fileid="1" />
              </SequencePoints>
              <BranchPoints />
              <MethodPoint xsi:type="SequencePoint" vc="0" uspid="20" ordinal="0" offset="0" sl="190" sc="9" el="190" ec="57" bec="0" bev="0" fileid="1" />
            </Method>
            <Method visited="false" cyclomaticComplexity="1" nPathComplexity="0" sequenceCoverage="0" branchCoverage="0" isConstructor="true" isStatic="false" isGetter="false" isSetter="false">
              <Summary numSequencePoints="4" visitedSequencePoints="0" numBranchPoints="1" visitedBranchPoints="0" sequenceCoverage="0" branchCoverage="0" maxCyclomaticComplexity="1" minCyclomaticComplexity="1" visitedClasses="0" numClasses="0" visitedMethods="0" numMethods="1" />
              <MetadataToken>100663309</MetadataToken>
              <Name>System.Void JetBrains.Annotations.NotifyPropertyChangedInvocatorAttribute::.ctor(System.String)</Name>
              <FileRef uid="1" />
              <SequencePoints>
                <SequencePoint vc="0" uspid="23" ordinal="0" offset="0" sl="191" sc="9" el="191" ec="87" bec="0" bev="0" fileid="1" />
                <SequencePoint vc="0" uspid="24" ordinal="1" offset="7" sl="192" sc="9" el="192" ec="10" bec="0" bev="0" fileid="1" />
                <SequencePoint vc="0" uspid="25" ordinal="2" offset="8" sl="193" sc="13" el="193" ec="43" bec="0" bev="0" fileid="1" />
                <SequencePoint vc="0" uspid="26" ordinal="3" offset="16" sl="194" sc="9" el="194" ec="10" bec="0" bev="0" fileid="1" />
              </SequencePoints>
              <BranchPoints />
              <MethodPoint xsi:type="SequencePoint" vc="0" uspid="23" ordinal="0" offset="0" sl="191" sc="9" el="191" ec="87" bec="0" bev="0" fileid="1" />
            </Method>
          </Methods>
        </Class>
        <Class>
          <Summary numSequencePoints="12" visitedSequencePoints="0" numBranchPoints="6" visitedBranchPoints="0" sequenceCoverage="0" branchCoverage="0" maxCyclomaticComplexity="1" minCyclomaticComplexity="1" visitedClasses="0" numClasses="1" visitedMethods="0" numMethods="6" />
          <FullName>JetBrains.Annotations.ContractAnnotationAttribute</FullName>
          <Methods>
            <Method visited="false" cyclomaticComplexity="1" nPathComplexity="0" sequenceCoverage="0" branchCoverage="0" isConstructor="false" isStatic="false" isGetter="true" isSetter="false">
              <Summary numSequencePoints="1" visitedSequencePoints="0" numBranchPoints="1" visitedBranchPoints="0" sequenceCoverage="0" branchCoverage="0" maxCyclomaticComplexity="1" minCyclomaticComplexity="1" visitedClasses="0" numClasses="0" visitedMethods="0" numMethods="1" />
              <MetadataToken>100663314</MetadataToken>
              <Name>System.String JetBrains.Annotations.ContractAnnotationAttribute::get_Contract()</Name>
              <FileRef uid="1" />
              <SequencePoints>
                <SequencePoint vc="0" uspid="27" ordinal="0" offset="0" sl="257" sc="34" el="257" ec="38" bec="0" bev="0" fileid="1" />
              </SequencePoints>
              <BranchPoints />
              <MethodPoint xsi:type="SequencePoint" vc="0" uspid="27" ordinal="0" offset="0" sl="257" sc="34" el="257" ec="38" bec="0" bev="0" fileid="1" />
            </Method>
            <Method visited="false" cyclomaticComplexity="1" nPathComplexity="0" sequenceCoverage="0" branchCoverage="0" isConstructor="false" isStatic="false" isGetter="false" isSetter="true">
              <Summary numSequencePoints="1" visitedSequencePoints="0" numBranchPoints="1" visitedBranchPoints="0" sequenceCoverage="0" branchCoverage="0" maxCyclomaticComplexity="1" minCyclomaticComplexity="1" visitedClasses="0" numClasses="0" visitedMethods="0" numMethods="1" />
              <MetadataToken>100663315</MetadataToken>
              <Name>System.Void JetBrains.Annotations.ContractAnnotationAttribute::set_Contract(System.String)</Name>
              <FileRef uid="1" />
              <SequencePoints>
                <SequencePoint vc="0" uspid="28" ordinal="0" offset="0" sl="257" sc="39" el="257" ec="51" bec="0" bev="0" fileid="1" />
              </SequencePoints>
              <BranchPoints />
              <MethodPoint xsi:type="SequencePoint" vc="0" uspid="28" ordinal="0" offset="0" sl="257" sc="39" el="257" ec="51" bec="0" bev="0" fileid="1" />
            </Method>
            <Method visited="false" cyclomaticComplexity="1" nPathComplexity="0" sequenceCoverage="0" branchCoverage="0" isConstructor="false" isStatic="false" isGetter="true" isSetter="false">
              <Summary numSequencePoints="1" visitedSequencePoints="0" numBranchPoints="1" visitedBranchPoints="0" sequenceCoverage="0" branchCoverage="0" maxCyclomaticComplexity="1" minCyclomaticComplexity="1" visitedClasses="0" numClasses="0" visitedMethods="0" numMethods="1" />
              <MetadataToken>100663316</MetadataToken>
              <Name>System.Boolean JetBrains.Annotations.ContractAnnotationAttribute::get_ForceFullStates()</Name>
              <FileRef uid="1" />
              <SequencePoints>
                <SequencePoint vc="0" uspid="29" ordinal="0" offset="0" sl="259" sc="39" el="259" ec="43" bec="0" bev="0" fileid="1" />
              </SequencePoints>
              <BranchPoints />
              <MethodPoint xsi:type="SequencePoint" vc="0" uspid="29" ordinal="0" offset="0" sl="259" sc="39" el="259" ec="43" bec="0" bev="0" fileid="1" />
            </Method>
            <Method visited="false" cyclomaticComplexity="1" nPathComplexity="0" sequenceCoverage="0" branchCoverage="0" isConstructor="false" isStatic="false" isGetter="false" isSetter="true">
              <Summary numSequencePoints="1" visitedSequencePoints="0" numBranchPoints="1" visitedBranchPoints="0" sequenceCoverage="0" branchCoverage="0" maxCyclomaticComplexity="1" minCyclomaticComplexity="1" visitedClasses="0" numClasses="0" visitedMethods="0" numMethods="1" />
              <MetadataToken>100663317</MetadataToken>
              <Name>System.Void JetBrains.Annotations.ContractAnnotationAttribute::set_ForceFullStates(System.Boolean)</Name>
              <FileRef uid="1" />
              <SequencePoints>
                <SequencePoint vc="0" uspid="30" ordinal="0" offset="0" sl="259" sc="44" el="259" ec="56" bec="0" bev="0" fileid="1" />
              </SequencePoints>
              <BranchPoints />
              <MethodPoint xsi:type="SequencePoint" vc="0" uspid="30" ordinal="0" offset="0" sl="259" sc="44" el="259" ec="56" bec="0" bev="0" fileid="1" />
            </Method>
            <Method visited="false" cyclomaticComplexity="1" nPathComplexity="0" sequenceCoverage="0" branchCoverage="0" isConstructor="true" isStatic="false" isGetter="false" isSetter="false">
              <Summary numSequencePoints="3" visitedSequencePoints="0" numBranchPoints="1" visitedBranchPoints="0" sequenceCoverage="0" branchCoverage="0" maxCyclomaticComplexity="1" minCyclomaticComplexity="1" visitedClasses="0" numClasses="0" visitedMethods="0" numMethods="1" />
              <MetadataToken>100663312</MetadataToken>
              <Name>System.Void JetBrains.Annotations.ContractAnnotationAttribute::.ctor(System.String)</Name>
              <FileRef uid="1" />
              <SequencePoints>
                <SequencePoint vc="0" uspid="31" ordinal="0" offset="0" sl="248" sc="13" el="248" ec="34" bec="0" bev="0" fileid="1" />
                <SequencePoint vc="0" uspid="32" ordinal="1" offset="9" sl="248" sc="35" el="248" ec="36" bec="0" bev="0" fileid="1" />
                <SequencePoint vc="0" uspid="33" ordinal="2" offset="10" sl="248" sc="37" el="248" ec="38" bec="0" bev="0" fileid="1" />
              </SequencePoints>
              <BranchPoints />
              <MethodPoint xsi:type="SequencePoint" vc="0" uspid="31" ordinal="0" offset="0" sl="248" sc="13" el="248" ec="34" bec="0" bev="0" fileid="1" />
            </Method>
            <Method visited="false" cyclomaticComplexity="1" nPathComplexity="0" sequenceCoverage="0" branchCoverage="0" isConstructor="true" isStatic="false" isGetter="false" isSetter="false">
              <Summary numSequencePoints="5" visitedSequencePoints="0" numBranchPoints="1" visitedBranchPoints="0" sequenceCoverage="0" branchCoverage="0" maxCyclomaticComplexity="1" minCyclomaticComplexity="1" visitedClasses="0" numClasses="0" visitedMethods="0" numMethods="1" />
              <MetadataToken>100663313</MetadataToken>
              <Name>System.Void JetBrains.Annotations.ContractAnnotationAttribute::.ctor(System.String,System.Boolean)</Name>
              <FileRef uid="1" />
              <SequencePoints>
                <SequencePoint vc="0" uspid="34" ordinal="0" offset="0" sl="250" sc="9" el="250" ec="92" bec="0" bev="0" fileid="1" />
                <SequencePoint vc="0" uspid="35" ordinal="1" offset="7" sl="251" sc="9" el="251" ec="10" bec="0" bev="0" fileid="1" />
                <SequencePoint vc="0" uspid="36" ordinal="2" offset="8" sl="252" sc="13" el="252" ec="33" bec="0" bev="0" fileid="1" />
                <SequencePoint vc="0" uspid="37" ordinal="3" offset="16" sl="253" sc="13" el="253" ec="47" bec="0" bev="0" fileid="1" />
                <SequencePoint vc="0" uspid="38" ordinal="4" offset="24" sl="254" sc="9" el="254" ec="10" bec="0" bev="0" fileid="1" />
              </SequencePoints>
              <BranchPoints />
              <MethodPoint xsi:type="SequencePoint" vc="0" uspid="34" ordinal="0" offset="0" sl="250" sc="9" el="250" ec="92" bec="0" bev="0" fileid="1" />
            </Method>
          </Methods>
        </Class>
        <Class>
          <Summary numSequencePoints="9" visitedSequencePoints="0" numBranchPoints="4" visitedBranchPoints="0" sequenceCoverage="0" branchCoverage="0" maxCyclomaticComplexity="1" minCyclomaticComplexity="1" visitedClasses="0" numClasses="1" visitedMethods="0" numMethods="4" />
          <FullName>JetBrains.Annotations.LocalizationRequiredAttribute</FullName>
          <Methods>
            <Method visited="false" cyclomaticComplexity="1" nPathComplexity="0" sequenceCoverage="0" branchCoverage="0" isConstructor="false" isStatic="false" isGetter="true" isSetter="false">
              <Summary numSequencePoints="1" visitedSequencePoints="0" numBranchPoints="1" visitedBranchPoints="0" sequenceCoverage="0" branchCoverage="0" maxCyclomaticComplexity="1" minCyclomaticComplexity="1" visitedClasses="0" numClasses="0" visitedMethods="0" numMethods="1" />
              <MetadataToken>100663320</MetadataToken>
              <Name>System.Boolean JetBrains.Annotations.LocalizationRequiredAttribute::get_Required()</Name>
              <FileRef uid="1" />
              <SequencePoints>
                <SequencePoint vc="0" uspid="39" ordinal="0" offset="0" sl="281" sc="32" el="281" ec="36" bec="0" bev="0" fileid="1" />
              </SequencePoints>
              <BranchPoints />
              <MethodPoint xsi:type="SequencePoint" vc="0" uspid="39" ordinal="0" offset="0" sl="281" sc="32" el="281" ec="36" bec="0" bev="0" fileid="1" />
            </Method>
            <Method visited="false" cyclomaticComplexity="1" nPathComplexity="0" sequenceCoverage="0" branchCoverage="0" isConstructor="false" isStatic="false" isGetter="false" isSetter="true">
              <Summary numSequencePoints="1" visitedSequencePoints="0" numBranchPoints="1" visitedBranchPoints="0" sequenceCoverage="0" branchCoverage="0" maxCyclomaticComplexity="1" minCyclomaticComplexity="1" visitedClasses="0" numClasses="0" visitedMethods="0" numMethods="1" />
              <MetadataToken>100663321</MetadataToken>
              <Name>System.Void JetBrains.Annotations.LocalizationRequiredAttribute::set_Required(System.Boolean)</Name>
              <FileRef uid="1" />
              <SequencePoints>
                <SequencePoint vc="0" uspid="40" ordinal="0" offset="0" sl="281" sc="37" el="281" ec="49" bec="0" bev="0" fileid="1" />
              </SequencePoints>
              <BranchPoints />
              <MethodPoint xsi:type="SequencePoint" vc="0" uspid="40" ordinal="0" offset="0" sl="281" sc="37" el="281" ec="49" bec="0" bev="0" fileid="1" />
            </Method>
            <Method visited="false" cyclomaticComplexity="1" nPathComplexity="0" sequenceCoverage="0" branchCoverage="0" isConstructor="true" isStatic="false" isGetter="false" isSetter="false">
              <Summary numSequencePoints="3" visitedSequencePoints="0" numBranchPoints="1" visitedBranchPoints="0" sequenceCoverage="0" branchCoverage="0" maxCyclomaticComplexity="1" minCyclomaticComplexity="1" visitedClasses="0" numClasses="0" visitedMethods="0" numMethods="1" />
              <MetadataToken>100663318</MetadataToken>
              <Name>System.Void JetBrains.Annotations.LocalizationRequiredAttribute::.ctor()</Name>
              <FileRef uid="1" />
              <SequencePoints>
                <SequencePoint vc="0" uspid="41" ordinal="0" offset="0" sl="274" sc="50" el="274" ec="60" bec="0" bev="0" fileid="1" />
                <SequencePoint vc="0" uspid="42" ordinal="1" offset="8" sl="274" sc="61" el="274" ec="62" bec="0" bev="0" fileid="1" />
                <SequencePoint vc="0" uspid="43" ordinal="2" offset="9" sl="274" sc="63" el="274" ec="64" bec="0" bev="0" fileid="1" />
              </SequencePoints>
              <BranchPoints />
              <MethodPoint xsi:type="SequencePoint" vc="0" uspid="41" ordinal="0" offset="0" sl="274" sc="50" el="274" ec="60" bec="0" bev="0" fileid="1" />
            </Method>
            <Method visited="false" cyclomaticComplexity="1" nPathComplexity="0" sequenceCoverage="0" branchCoverage="0" isConstructor="true" isStatic="false" isGetter="false" isSetter="false">
              <Summary numSequencePoints="4" visitedSequencePoints="0" numBranchPoints="1" visitedBranchPoints="0" sequenceCoverage="0" branchCoverage="0" maxCyclomaticComplexity="1" minCyclomaticComplexity="1" visitedClasses="0" numClasses="0" visitedMethods="0" numMethods="1" />
              <MetadataToken>100663319</MetadataToken>
              <Name>System.Void JetBrains.Annotations.LocalizationRequiredAttribute::.ctor(System.Boolean)</Name>
              <FileRef uid="1" />
              <SequencePoints>
                <SequencePoint vc="0" uspid="44" ordinal="0" offset="0" sl="276" sc="9" el="276" ec="60" bec="0" bev="0" fileid="1" />
                <SequencePoint vc="0" uspid="45" ordinal="1" offset="7" sl="277" sc="9" el="277" ec="10" bec="0" bev="0" fileid="1" />
                <SequencePoint vc="0" uspid="46" ordinal="2" offset="8" sl="278" sc="13" el="278" ec="33" bec="0" bev="0" fileid="1" />
                <SequencePoint vc="0" uspid="47" ordinal="3" offset="16" sl="279" sc="9" el="279" ec="10" bec="0" bev="0" fileid="1" />
              </SequencePoints>
              <BranchPoints />
              <MethodPoint xsi:type="SequencePoint" vc="0" uspid="44" ordinal="0" offset="0" sl="276" sc="9" el="276" ec="60" bec="0" bev="0" fileid="1" />
            </Method>
          </Methods>
        </Class>
        <Class>
          <Summary numSequencePoints="0" visitedSequencePoints="0" numBranchPoints="0" visitedBranchPoints="0" sequenceCoverage="0" branchCoverage="0" maxCyclomaticComplexity="1" minCyclomaticComplexity="1" visitedClasses="0" numClasses="0" visitedMethods="0" numMethods="0" />
          <FullName>JetBrains.Annotations.CannotApplyEqualityOperatorAttribute</FullName>
          <Methods>
            <Method visited="false" cyclomaticComplexity="1" nPathComplexity="0" sequenceCoverage="0" branchCoverage="0" isConstructor="true" isStatic="false" isGetter="false" isSetter="false">
              <Summary numSequencePoints="0" visitedSequencePoints="0" numBranchPoints="0" visitedBranchPoints="0" sequenceCoverage="0" branchCoverage="0" maxCyclomaticComplexity="1" minCyclomaticComplexity="1" visitedClasses="0" numClasses="0" visitedMethods="0" numMethods="0" />
              <MetadataToken>100663322</MetadataToken>
              <Name>System.Void JetBrains.Annotations.CannotApplyEqualityOperatorAttribute::.ctor()</Name>
              <SequencePoints />
              <BranchPoints />
              <MethodPoint vc="0" uspid="48" ordinal="0" offset="0" />
            </Method>
          </Methods>
        </Class>
        <Class>
          <Summary numSequencePoints="6" visitedSequencePoints="0" numBranchPoints="3" visitedBranchPoints="0" sequenceCoverage="0" branchCoverage="0" maxCyclomaticComplexity="1" minCyclomaticComplexity="1" visitedClasses="0" numClasses="1" visitedMethods="0" numMethods="3" />
          <FullName>JetBrains.Annotations.BaseTypeRequiredAttribute</FullName>
          <Methods>
            <Method visited="false" cyclomaticComplexity="1" nPathComplexity="0" sequenceCoverage="0" branchCoverage="0" isConstructor="false" isStatic="false" isGetter="true" isSetter="false">
              <Summary numSequencePoints="1" visitedSequencePoints="0" numBranchPoints="1" visitedBranchPoints="0" sequenceCoverage="0" branchCoverage="0" maxCyclomaticComplexity="1" minCyclomaticComplexity="1" visitedClasses="0" numClasses="0" visitedMethods="0" numMethods="1" />
              <MetadataToken>100663324</MetadataToken>
              <Name>System.Type JetBrains.Annotations.BaseTypeRequiredAttribute::get_BaseType()</Name>
              <FileRef uid="1" />
              <SequencePoints>
                <SequencePoint vc="0" uspid="49" ordinal="0" offset="0" sl="328" sc="32" el="328" ec="36" bec="0" bev="0" fileid="1" />
              </SequencePoints>
              <BranchPoints />
              <MethodPoint xsi:type="SequencePoint" vc="0" uspid="49" ordinal="0" offset="0" sl="328" sc="32" el="328" ec="36" bec="0" bev="0" fileid="1" />
            </Method>
            <Method visited="false" cyclomaticComplexity="1" nPathComplexity="0" sequenceCoverage="0" branchCoverage="0" isConstructor="false" isStatic="false" isGetter="false" isSetter="true">
              <Summary numSequencePoints="1" visitedSequencePoints="0" numBranchPoints="1" visitedBranchPoints="0" sequenceCoverage="0" branchCoverage="0" maxCyclomaticComplexity="1" minCyclomaticComplexity="1" visitedClasses="0" numClasses="0" visitedMethods="0" numMethods="1" />
              <MetadataToken>100663325</MetadataToken>
              <Name>System.Void JetBrains.Annotations.BaseTypeRequiredAttribute::set_BaseType(System.Type)</Name>
              <FileRef uid="1" />
              <SequencePoints>
                <SequencePoint vc="0" uspid="50" ordinal="0" offset="0" sl="328" sc="37" el="328" ec="49" bec="0" bev="0" fileid="1" />
              </SequencePoints>
              <BranchPoints />
              <MethodPoint xsi:type="SequencePoint" vc="0" uspid="50" ordinal="0" offset="0" sl="328" sc="37" el="328" ec="49" bec="0" bev="0" fileid="1" />
            </Method>
            <Method visited="false" cyclomaticComplexity="1" nPathComplexity="0" sequenceCoverage="0" branchCoverage="0" isConstructor="true" isStatic="false" isGetter="false" isSetter="false">
              <Summary numSequencePoints="4" visitedSequencePoints="0" numBranchPoints="1" visitedBranchPoints="0" sequenceCoverage="0" branchCoverage="0" maxCyclomaticComplexity="1" minCyclomaticComplexity="1" visitedClasses="0" numClasses="0" visitedMethods="0" numMethods="1" />
              <MetadataToken>100663323</MetadataToken>
              <Name>System.Void JetBrains.Annotations.BaseTypeRequiredAttribute::.ctor(System.Type)</Name>
              <FileRef uid="1" />
              <SequencePoints>
                <SequencePoint vc="0" uspid="51" ordinal="0" offset="0" sl="322" sc="9" el="322" ec="66" bec="0" bev="0" fileid="1" />
                <SequencePoint vc="0" uspid="52" ordinal="1" offset="7" sl="323" sc="9" el="323" ec="10" bec="0" bev="0" fileid="1" />
                <SequencePoint vc="0" uspid="53" ordinal="2" offset="8" sl="324" sc="13" el="324" ec="33" bec="0" bev="0" fileid="1" />
                <SequencePoint vc="0" uspid="54" ordinal="3" offset="16" sl="325" sc="9" el="325" ec="10" bec="0" bev="0" fileid="1" />
              </SequencePoints>
              <BranchPoints />
              <MethodPoint xsi:type="SequencePoint" vc="0" uspid="51" ordinal="0" offset="0" sl="322" sc="9" el="322" ec="66" bec="0" bev="0" fileid="1" />
            </Method>
          </Methods>
        </Class>
        <Class>
          <Summary numSequencePoints="18" visitedSequencePoints="0" numBranchPoints="8" visitedBranchPoints="0" sequenceCoverage="0" branchCoverage="0" maxCyclomaticComplexity="1" minCyclomaticComplexity="1" visitedClasses="0" numClasses="1" visitedMethods="0" numMethods="8" />
          <FullName>JetBrains.Annotations.UsedImplicitlyAttribute</FullName>
          <Methods>
            <Method visited="false" cyclomaticComplexity="1" nPathComplexity="0" sequenceCoverage="0" branchCoverage="0" isConstructor="false" isStatic="false" isGetter="true" isSetter="false">
              <Summary numSequencePoints="1" visitedSequencePoints="0" numBranchPoints="1" visitedBranchPoints="0" sequenceCoverage="0" branchCoverage="0" maxCyclomaticComplexity="1" minCyclomaticComplexity="1" visitedClasses="0" numClasses="0" visitedMethods="0" numMethods="1" />
              <MetadataToken>100663330</MetadataToken>
              <Name>JetBrains.Annotations.ImplicitUseKindFlags JetBrains.Annotations.UsedImplicitlyAttribute::get_UseKindFlags()</Name>
              <FileRef uid="1" />
              <SequencePoints>
                <SequencePoint vc="0" uspid="55" ordinal="0" offset="0" sl="353" sc="52" el="353" ec="56" bec="0" bev="0" fileid="1" />
              </SequencePoints>
              <BranchPoints />
              <MethodPoint xsi:type="SequencePoint" vc="0" uspid="55" ordinal="0" offset="0" sl="353" sc="52" el="353" ec="56" bec="0" bev="0" fileid="1" />
            </Method>
            <Method visited="false" cyclomaticComplexity="1" nPathComplexity="0" sequenceCoverage="0" branchCoverage="0" isConstructor="false" isStatic="false" isGetter="false" isSetter="true">
              <Summary numSequencePoints="1" visitedSequencePoints="0" numBranchPoints="1" visitedBranchPoints="0" sequenceCoverage="0" branchCoverage="0" maxCyclomaticComplexity="1" minCyclomaticComplexity="1" visitedClasses="0" numClasses="0" visitedMethods="0" numMethods="1" />
              <MetadataToken>100663331</MetadataToken>
              <Name>System.Void JetBrains.Annotations.UsedImplicitlyAttribute::set_UseKindFlags(JetBrains.Annotations.ImplicitUseKindFlags)</Name>
              <FileRef uid="1" />
              <SequencePoints>
                <SequencePoint vc="0" uspid="56" ordinal="0" offset="0" sl="353" sc="57" el="353" ec="69" bec="0" bev="0" fileid="1" />
              </SequencePoints>
              <BranchPoints />
              <MethodPoint xsi:type="SequencePoint" vc="0" uspid="56" ordinal="0" offset="0" sl="353" sc="57" el="353" ec="69" bec="0" bev="0" fileid="1" />
            </Method>
            <Method visited="false" cyclomaticComplexity="1" nPathComplexity="0" sequenceCoverage="0" branchCoverage="0" isConstructor="false" isStatic="false" isGetter="true" isSetter="false">
              <Summary numSequencePoints="1" visitedSequencePoints="0" numBranchPoints="1" visitedBranchPoints="0" sequenceCoverage="0" branchCoverage="0" maxCyclomaticComplexity="1" minCyclomaticComplexity="1" visitedClasses="0" numClasses="0" visitedMethods="0" numMethods="1" />
              <MetadataToken>100663332</MetadataToken>
              <Name>JetBrains.Annotations.ImplicitUseTargetFlags JetBrains.Annotations.UsedImplicitlyAttribute::get_TargetFlags()</Name>
              <FileRef uid="1" />
              <SequencePoints>
                <SequencePoint vc="0" uspid="57" ordinal="0" offset="0" sl="355" sc="53" el="355" ec="57" bec="0" bev="0" fileid="1" />
              </SequencePoints>
              <BranchPoints />
              <MethodPoint xsi:type="SequencePoint" vc="0" uspid="57" ordinal="0" offset="0" sl="355" sc="53" el="355" ec="57" bec="0" bev="0" fileid="1" />
            </Method>
            <Method visited="false" cyclomaticComplexity="1" nPathComplexity="0" sequenceCoverage="0" branchCoverage="0" isConstructor="false" isStatic="false" isGetter="false" isSetter="true">
              <Summary numSequencePoints="1" visitedSequencePoints="0" numBranchPoints="1" visitedBranchPoints="0" sequenceCoverage="0" branchCoverage="0" maxCyclomaticComplexity="1" minCyclomaticComplexity="1" visitedClasses="0" numClasses="0" visitedMethods="0" numMethods="1" />
              <MetadataToken>100663333</MetadataToken>
              <Name>System.Void JetBrains.Annotations.UsedImplicitlyAttribute::set_TargetFlags(JetBrains.Annotations.ImplicitUseTargetFlags)</Name>
              <FileRef uid="1" />
              <SequencePoints>
                <SequencePoint vc="0" uspid="58" ordinal="0" offset="0" sl="355" sc="58" el="355" ec="70" bec="0" bev="0" fileid="1" />
              </SequencePoints>
              <BranchPoints />
              <MethodPoint xsi:type="SequencePoint" vc="0" uspid="58" ordinal="0" offset="0" sl="355" sc="58" el="355" ec="70" bec="0" bev="0" fileid="1" />
            </Method>
            <Method visited="false" cyclomaticComplexity="1" nPathComplexity="0" sequenceCoverage="0" branchCoverage="0" isConstructor="true" isStatic="false" isGetter="false" isSetter="false">
              <Summary numSequencePoints="3" visitedSequencePoints="0" numBranchPoints="1" visitedBranchPoints="0" sequenceCoverage="0" branchCoverage="0" maxCyclomaticComplexity="1" minCyclomaticComplexity="1" visitedClasses="0" numClasses="0" visitedMethods="0" numMethods="1" />
              <MetadataToken>100663326</MetadataToken>
              <Name>System.Void JetBrains.Annotations.UsedImplicitlyAttribute::.ctor()</Name>
              <FileRef uid="1" />
              <SequencePoints>
                <SequencePoint vc="0" uspid="59" ordinal="0" offset="0" sl="339" sc="13" el="339" ec="79" bec="0" bev="0" fileid="1" />
                <SequencePoint vc="0" uspid="60" ordinal="1" offset="9" sl="339" sc="80" el="339" ec="81" bec="0" bev="0" fileid="1" />
                <SequencePoint vc="0" uspid="61" ordinal="2" offset="10" sl="339" sc="82" el="339" ec="83" bec="0" bev="0" fileid="1" />
              </SequencePoints>
              <BranchPoints />
              <MethodPoint xsi:type="SequencePoint" vc="0" uspid="59" ordinal="0" offset="0" sl="339" sc="13" el="339" ec="79" bec="0" bev="0" fileid="1" />
            </Method>
            <Method visited="false" cyclomaticComplexity="1" nPathComplexity="0" sequenceCoverage="0" branchCoverage="0" isConstructor="true" isStatic="false" isGetter="false" isSetter="false">
              <Summary numSequencePoints="3" visitedSequencePoints="0" numBranchPoints="1" visitedBranchPoints="0" sequenceCoverage="0" branchCoverage="0" maxCyclomaticComplexity="1" minCyclomaticComplexity="1" visitedClasses="0" numClasses="0" visitedMethods="0" numMethods="1" />
              <MetadataToken>100663327</MetadataToken>
              <Name>System.Void JetBrains.Annotations.UsedImplicitlyAttribute::.ctor(JetBrains.Annotations.ImplicitUseKindFlags)</Name>
              <FileRef uid="1" />
              <SequencePoints>
                <SequencePoint vc="0" uspid="62" ordinal="0" offset="0" sl="342" sc="13" el="342" ec="63" bec="0" bev="0" fileid="1" />
                <SequencePoint vc="0" uspid="63" ordinal="1" offset="9" sl="342" sc="64" el="342" ec="65" bec="0" bev="0" fileid="1" />
                <SequencePoint vc="0" uspid="64" ordinal="2" offset="10" sl="342" sc="66" el="342" ec="67" bec="0" bev="0" fileid="1" />
              </SequencePoints>
              <BranchPoints />
              <MethodPoint xsi:type="SequencePoint" vc="0" uspid="62" ordinal="0" offset="0" sl="342" sc="13" el="342" ec="63" bec="0" bev="0" fileid="1" />
            </Method>
            <Method visited="false" cyclomaticComplexity="1" nPathComplexity="0" sequenceCoverage="0" branchCoverage="0" isConstructor="true" isStatic="false" isGetter="false" isSetter="false">
              <Summary numSequencePoints="3" visitedSequencePoints="0" numBranchPoints="1" visitedBranchPoints="0" sequenceCoverage="0" branchCoverage="0" maxCyclomaticComplexity="1" minCyclomaticComplexity="1" visitedClasses="0" numClasses="0" visitedMethods="0" numMethods="1" />
              <MetadataToken>100663328</MetadataToken>
              <Name>System.Void JetBrains.Annotations.UsedImplicitlyAttribute::.ctor(JetBrains.Annotations.ImplicitUseTargetFlags)</Name>
              <FileRef uid="1" />
              <SequencePoints>
                <SequencePoint vc="0" uspid="65" ordinal="0" offset="0" sl="345" sc="13" el="345" ec="60" bec="0" bev="0" fileid="1" />
                <SequencePoint vc="0" uspid="66" ordinal="1" offset="9" sl="345" sc="61" el="345" ec="62" bec="0" bev="0" fileid="1" />
                <SequencePoint vc="0" uspid="67" ordinal="2" offset="10" sl="345" sc="63" el="345" ec="64" bec="0" bev="0" fileid="1" />
              </SequencePoints>
              <BranchPoints />
              <MethodPoint xsi:type="SequencePoint" vc="0" uspid="65" ordinal="0" offset="0" sl="345" sc="13" el="345" ec="60" bec="0" bev="0" fileid="1" />
            </Method>
            <Method visited="false" cyclomaticComplexity="1" nPathComplexity="0" sequenceCoverage="0" branchCoverage="0" isConstructor="true" isStatic="false" isGetter="false" isSetter="false">
              <Summary numSequencePoints="5" visitedSequencePoints="0" numBranchPoints="1" visitedBranchPoints="0" sequenceCoverage="0" branchCoverage="0" maxCyclomaticComplexity="1" minCyclomaticComplexity="1" visitedClasses="0" numClasses="0" visitedMethods="0" numMethods="1" />
              <MetadataToken>100663329</MetadataToken>
              <Name>System.Void JetBrains.Annotations.UsedImplicitlyAttribute::.ctor(JetBrains.Annotations.ImplicitUseKindFlags,JetBrains.Annotations.ImplicitUseTargetFlags)</Name>
              <FileRef uid="1" />
              <SequencePoints>
                <SequencePoint vc="0" uspid="68" ordinal="0" offset="0" sl="347" sc="9" el="347" ec="110" bec="0" bev="0" fileid="1" />
                <SequencePoint vc="0" uspid="69" ordinal="1" offset="7" sl="348" sc="9" el="348" ec="10" bec="0" bev="0" fileid="1" />
                <SequencePoint vc="0" uspid="70" ordinal="2" offset="8" sl="349" sc="13" el="349" ec="41" bec="0" bev="0" fileid="1" />
                <SequencePoint vc="0" uspid="71" ordinal="3" offset="16" sl="350" sc="13" el="350" ec="39" bec="0" bev="0" fileid="1" />
                <SequencePoint vc="0" uspid="72" ordinal="4" offset="24" sl="351" sc="9" el="351" ec="10" bec="0" bev="0" fileid="1" />
              </SequencePoints>
              <BranchPoints />
              <MethodPoint xsi:type="SequencePoint" vc="0" uspid="68" ordinal="0" offset="0" sl="347" sc="9" el="347" ec="110" bec="0" bev="0" fileid="1" />
            </Method>
          </Methods>
        </Class>
        <Class>
          <Summary numSequencePoints="18" visitedSequencePoints="0" numBranchPoints="8" visitedBranchPoints="0" sequenceCoverage="0" branchCoverage="0" maxCyclomaticComplexity="1" minCyclomaticComplexity="1" visitedClasses="0" numClasses="1" visitedMethods="0" numMethods="8" />
          <FullName>JetBrains.Annotations.MeansImplicitUseAttribute</FullName>
          <Methods>
            <Method visited="false" cyclomaticComplexity="1" nPathComplexity="0" sequenceCoverage="0" branchCoverage="0" isConstructor="false" isStatic="false" isGetter="true" isSetter="false">
              <Summary numSequencePoints="1" visitedSequencePoints="0" numBranchPoints="1" visitedBranchPoints="0" sequenceCoverage="0" branchCoverage="0" maxCyclomaticComplexity="1" minCyclomaticComplexity="1" visitedClasses="0" numClasses="0" visitedMethods="0" numMethods="1" />
              <MetadataToken>100663338</MetadataToken>
              <Name>JetBrains.Annotations.ImplicitUseKindFlags JetBrains.Annotations.MeansImplicitUseAttribute::get_UseKindFlags()</Name>
              <FileRef uid="1" />
              <SequencePoints>
                <SequencePoint vc="0" uspid="73" ordinal="0" offset="0" sl="381" sc="52" el="381" ec="56" bec="0" bev="0" fileid="1" />
              </SequencePoints>
              <BranchPoints />
              <MethodPoint xsi:type="SequencePoint" vc="0" uspid="73" ordinal="0" offset="0" sl="381" sc="52" el="381" ec="56" bec="0" bev="0" fileid="1" />
            </Method>
[...]
                  <TrackedMethodRef uid="46" vc="1324" />
                  <TrackedMethodRef uid="57" vc="19" />
                  <TrackedMethodRef uid="55" vc="19" />
                  <TrackedMethodRef uid="54" vc="525" />
                  <TrackedMethodRef uid="48" vc="2122" />
                  <TrackedMethodRef uid="59" vc="217" />
                  <TrackedMethodRef uid="45" vc="2433" />
                  <TrackedMethodRef uid="61" vc="352" />
                  <TrackedMethodRef uid="42" vc="3604" />
                  <TrackedMethodRef uid="49" vc="1307" />
                  <TrackedMethodRef uid="60" vc="176" />
                  <TrackedMethodRef uid="56" vc="1941" />
                  <TrackedMethodRef uid="43" vc="1786" />
                  <TrackedMethodRef uid="51" vc="88" />
                  <TrackedMethodRef uid="64" vc="2476" />
                  <TrackedMethodRef uid="44" vc="133" />
                  <TrackedMethodRef uid="47" vc="11" />
                  <TrackedMethodRef uid="62" vc="2639" />
                  <TrackedMethodRef uid="63" vc="2648" />
                </TrackedMethodRefs>
              </MethodPoint>
            </Method>
            <Method visited="true" cyclomaticComplexity="1" nPathComplexity="0" sequenceCoverage="100" branchCoverage="100" isConstructor="false" isStatic="false" isGetter="false" isSetter="false">
              <Summary numSequencePoints="1" visitedSequencePoints="1" numBranchPoints="1" visitedBranchPoints="1" sequenceCoverage="100" branchCoverage="100" maxCyclomaticComplexity="1" minCyclomaticComplexity="1" visitedClasses="0" numClasses="0" visitedMethods="1" numMethods="1" />
              <MetadataToken>100663653</MetadataToken>
              <Name>System.Boolean FluentAssemblyScanner.ReflectionUtil/&lt;&gt;c::&lt;.cctor&gt;b__26_0(System.Type)</Name>
              <FileRef uid="66" />
              <SequencePoints>
                <SequencePoint vc="11" uspid="1197" ordinal="0" offset="0" sl="28" sc="96" el="28" ec="111" bec="0" bev="0" fileid="66">
                  <TrackedMethodRefs>
                    <TrackedMethodRef uid="39" vc="11" />
                  </TrackedMethodRefs>
                </SequencePoint>
              </SequencePoints>
              <BranchPoints />
              <MethodPoint xsi:type="SequencePoint" vc="11" uspid="1197" ordinal="0" offset="0" sl="28" sc="96" el="28" ec="111" bec="0" bev="0" fileid="66">
                <TrackedMethodRefs>
                  <TrackedMethodRef uid="39" vc="11" />
                </TrackedMethodRefs>
              </MethodPoint>
            </Method>
            <Method visited="true" cyclomaticComplexity="1" nPathComplexity="0" sequenceCoverage="100" branchCoverage="100" isConstructor="false" isStatic="false" isGetter="false" isSetter="false">
              <Summary numSequencePoints="1" visitedSequencePoints="1" numBranchPoints="1" visitedBranchPoints="1" sequenceCoverage="100" branchCoverage="100" maxCyclomaticComplexity="1" minCyclomaticComplexity="1" visitedClasses="0" numClasses="0" visitedMethods="1" numMethods="1" />
              <MetadataToken>100663654</MetadataToken>
              <Name>System.Type FluentAssemblyScanner.ReflectionUtil/&lt;&gt;c::&lt;.cctor&gt;b__26_1(System.Type)</Name>
              <FileRef uid="66" />
              <SequencePoints>
                <SequencePoint vc="5" uspid="1198" ordinal="0" offset="0" sl="29" sc="97" el="29" ec="125" bec="0" bev="0" fileid="66">
                  <TrackedMethodRefs>
                    <TrackedMethodRef uid="39" vc="5" />
                  </TrackedMethodRefs>
                </SequencePoint>
              </SequencePoints>
              <BranchPoints />
              <MethodPoint xsi:type="SequencePoint" vc="5" uspid="1198" ordinal="0" offset="0" sl="29" sc="97" el="29" ec="125" bec="0" bev="0" fileid="66">
                <TrackedMethodRefs>
                  <TrackedMethodRef uid="39" vc="5" />
                </TrackedMethodRefs>
              </MethodPoint>
            </Method>
          </Methods>
        </Class>
        <Class>
          <Summary numSequencePoints="2" visitedSequencePoints="0" numBranchPoints="4" visitedBranchPoints="0" sequenceCoverage="0" branchCoverage="0" maxCyclomaticComplexity="2" minCyclomaticComplexity="1" visitedClasses="0" numClasses="1" visitedMethods="0" numMethods="2" />
          <FullName>FluentAssemblyScanner.ReflectionUtil/&lt;&gt;c__21`1</FullName>
          <Methods>
            <Method visited="false" cyclomaticComplexity="1" nPathComplexity="0" sequenceCoverage="0" branchCoverage="0" isConstructor="true" isStatic="true" isGetter="false" isSetter="false">
              <Summary numSequencePoints="0" visitedSequencePoints="0" numBranchPoints="0" visitedBranchPoints="0" sequenceCoverage="0" branchCoverage="0" maxCyclomaticComplexity="1" minCyclomaticComplexity="1" visitedClasses="0" numClasses="0" visitedMethods="0" numMethods="0" />
              <MetadataToken>100663655</MetadataToken>
              <Name>System.Void FluentAssemblyScanner.ReflectionUtil/&lt;&gt;c__21`1::.cctor()</Name>
              <SequencePoints />
              <BranchPoints />
              <MethodPoint vc="0" uspid="1199" ordinal="0" offset="0" />
            </Method>
            <Method visited="false" cyclomaticComplexity="1" nPathComplexity="0" sequenceCoverage="0" branchCoverage="0" isConstructor="true" isStatic="false" isGetter="false" isSetter="false">
              <Summary numSequencePoints="0" visitedSequencePoints="0" numBranchPoints="0" visitedBranchPoints="0" sequenceCoverage="0" branchCoverage="0" maxCyclomaticComplexity="1" minCyclomaticComplexity="1" visitedClasses="0" numClasses="0" visitedMethods="0" numMethods="0" />
              <MetadataToken>100663656</MetadataToken>
              <Name>System.Void FluentAssemblyScanner.ReflectionUtil/&lt;&gt;c__21`1::.ctor()</Name>
              <SequencePoints />
              <BranchPoints />
              <MethodPoint vc="0" uspid="1200" ordinal="0" offset="0" />
            </Method>
            <Method visited="false" cyclomaticComplexity="2" nPathComplexity="2" sequenceCoverage="0" branchCoverage="0" isConstructor="false" isStatic="false" isGetter="false" isSetter="false">
              <Summary numSequencePoints="1" visitedSequencePoints="0" numBranchPoints="3" visitedBranchPoints="0" sequenceCoverage="0" branchCoverage="0" maxCyclomaticComplexity="2" minCyclomaticComplexity="2" visitedClasses="0" numClasses="0" visitedMethods="0" numMethods="1" />
              <MetadataToken>100663657</MetadataToken>
              <Name>System.Type FluentAssemblyScanner.ReflectionUtil/&lt;&gt;c__21`1::&lt;Instantiate&gt;b__21_0(System.Object)</Name>
              <FileRef uid="66" />
              <SequencePoints>
                <SequencePoint vc="0" uspid="1201" ordinal="0" offset="0" sl="428" sc="53" el="428" ec="93" bec="2" bev="0" fileid="66" />
              </SequencePoints>
              <BranchPoints>
                <BranchPoint vc="0" uspid="1202" ordinal="0" offset="1" sl="428" path="0" offsetend="3" fileid="66" />
                <BranchPoint vc="0" uspid="1203" ordinal="1" offset="1" sl="428" path="1" offsetend="11" fileid="66" />
              </BranchPoints>
              <MethodPoint xsi:type="SequencePoint" vc="0" uspid="1201" ordinal="0" offset="0" sl="428" sc="53" el="428" ec="93" bec="2" bev="0" fileid="66" />
            </Method>
            <Method visited="false" cyclomaticComplexity="1" nPathComplexity="0" sequenceCoverage="0" branchCoverage="0" isConstructor="false" isStatic="false" isGetter="false" isSetter="false">
              <Summary numSequencePoints="1" visitedSequencePoints="0" numBranchPoints="1" visitedBranchPoints="0" sequenceCoverage="0" branchCoverage="0" maxCyclomaticComplexity="1" minCyclomaticComplexity="1" visitedClasses="0" numClasses="0" visitedMethods="0" numMethods="1" />
              <MetadataToken>100663658</MetadataToken>
              <Name>System.Type FluentAssemblyScanner.ReflectionUtil/&lt;&gt;c__21`1::&lt;Instantiate&gt;b__21_1(System.Object)</Name>
              <FileRef uid="66" />
              <SequencePoints>
                <SequencePoint vc="0" uspid="1204" ordinal="0" offset="0" sl="451" sc="64" el="451" ec="75" bec="0" bev="0" fileid="66" />
              </SequencePoints>
              <BranchPoints />
              <MethodPoint xsi:type="SequencePoint" vc="0" uspid="1204" ordinal="0" offset="0" sl="451" sc="64" el="451" ec="75" bec="0" bev="0" fileid="66" />
            </Method>
          </Methods>
        </Class>
      </Classes>
    </Module>
    <Module skippedDueTo="Filter" hash="5C-33-32-55-57-68-31-53-EF-96-E5-52-81-39-FD-CB-AE-2B-78-46">
      <ModulePath>C:\Users\OSOYKAN\AppData\Local\Temp\7f89693e-9dd1-4665-a776-c204d6d0f07c\7f89693e-9dd1-4665-a776-c204d6d0f07c\assembly\dl3\1bb48c64\c07b07e5_3886d201\FluentAssemblyScanner.Tests.AdditionalAssembly.dll</ModulePath>
      <ModuleTime>2017-02-13T21:37:40.3664861Z</ModuleTime>
      <ModuleName>FluentAssemblyScanner.Tests.AdditionalAssembly</ModuleName>
      <Classes />
    </Module>
    <Module skippedDueTo="Filter" hash="81-F9-A4-31-55-19-9A-DB-99-FA-A6-05-D7-94-C5-A7-C8-BA-E2-18">
      <ModulePath>C:\Users\OSOYKAN\AppData\Local\Temp\7f89693e-9dd1-4665-a776-c204d6d0f07c\7f89693e-9dd1-4665-a776-c204d6d0f07c\assembly\dl3\4946d64a\0007d207_037fd201\FluentAssertions.dll</ModulePath>
      <ModuleTime>2017-02-13T21:37:40.3674864Z</ModuleTime>
      <ModuleName>FluentAssertions</ModuleName>
      <Classes />
    </Module>
    <Module skippedDueTo="Filter" hash="B4-BA-AC-FC-13-1B-6B-03-B7-18-FC-9D-B3-34-DF-31-00-B3-BA-8F">
      <ModulePath>C:\Users\OSOYKAN\AppData\Local\Temp\7f89693e-9dd1-4665-a776-c204d6d0f07c\7f89693e-9dd1-4665-a776-c204d6d0f07c\assembly\dl3\2af34bf0\0007d207_037fd201\FluentAssertions.Core.dll</ModulePath>
      <ModuleTime>2017-02-13T21:37:40.3834977Z</ModuleTime>
      <ModuleName>FluentAssertions.Core</ModuleName>
      <Classes />
    </Module>
    <Module skippedDueTo="Filter" hash="19-A0-B1-20-7E-9F-21-41-D4-E7-8A-17-2D-39-7E-F3-20-9A-28-E2">
      <ModulePath>C:\Users\OSOYKAN\AppData\Local\Temp\7f89693e-9dd1-4665-a776-c204d6d0f07c\7f89693e-9dd1-4665-a776-c204d6d0f07c\assembly\dl3\88088dd9\fb0611e5_3886d201\FluentAssemblyScanner.Test.SecondAdditionalAssembly.dll</ModulePath>
      <ModuleTime>2017-02-13T21:37:40.4285295Z</ModuleTime>
      <ModuleName>FluentAssemblyScanner.Test.SecondAdditionalAssembly</ModuleName>
      <Classes />
    </Module>
    <Module skippedDueTo="Filter" hash="88-45-F0-9C-3C-9F-72-79-CB-6A-82-FA-D7-DB-C3-4A-59-80-3C-6B">
      <ModulePath>C:\WINDOWS\Microsoft.Net\assembly\GAC_MSIL\System.Xml\v4.0_4.0.0.0__b77a5c561934e089\System.Xml.dll</ModulePath>
      <ModuleTime>2016-07-16T11:43:55.4992744Z</ModuleTime>
      <ModuleName>System.Xml</ModuleName>
      <Classes />
    </Module>
    <Module skippedDueTo="Filter" hash="83-29-FE-C7-E7-7A-90-21-8F-92-A4-B2-93-EC-A9-9B-7E-10-7C-E5">
      <ModulePath>C:\WINDOWS\Microsoft.Net\assembly\GAC_MSIL\System.Xml.Linq\v4.0_4.0.0.0__b77a5c561934e089\System.Xml.Linq.dll</ModulePath>
      <ModuleTime>2016-07-16T11:43:57.0930219Z</ModuleTime>
      <ModuleName>System.Xml.Linq</ModuleName>
      <Classes />
    </Module>
    <Module skippedDueTo="Filter" hash="E0-AB-8A-A9-EC-76-FD-80-05-57-B6-2C-44-B6-EC-7C-88-62-D5-DB">
      <ModulePath>C:\Users\OSOYKAN\AppData\Local\Temp\7f89693e-9dd1-4665-a776-c204d6d0f07c\7f89693e-9dd1-4665-a776-c204d6d0f07c\assembly\dl3\7de8179b\00972437_8ec4d101\Microsoft.DiaSymReader.dll</ModulePath>
      <ModuleTime>2017-02-13T21:37:40.4800672Z</ModuleTime>
      <ModuleName>Microsoft.DiaSymReader</ModuleName>
      <Classes />
    </Module>
    <Module skippedDueTo="Filter" hash="21-16-70-AE-87-20-62-DA-7D-58-1E-61-6F-D6-A4-D7-6E-41-97-6E">
      <ModulePath>C:\Users\OSOYKAN\AppData\Local\Temp\7f89693e-9dd1-4665-a776-c204d6d0f07c\7f89693e-9dd1-4665-a776-c204d6d0f07c\assembly\dl3\343b474f\0049cb52_654bd201\Microsoft.DotNet.InternalAbstractions.dll</ModulePath>
      <ModuleTime>2017-02-13T21:37:40.5000813Z</ModuleTime>
      <ModuleName>Microsoft.DotNet.InternalAbstractions</ModuleName>
      <Classes />
    </Module>
    <Module skippedDueTo="Filter" hash="E4-57-DE-81-BF-4B-B9-F3-5F-D5-53-B5-AA-C5-B0-2A-2F-4E-35-DA">
      <ModulePath>C:\Users\OSOYKAN\AppData\Local\Temp\7f89693e-9dd1-4665-a776-c204d6d0f07c\7f89693e-9dd1-4665-a776-c204d6d0f07c\assembly\dl3\b40704ce\00679969_e7cbd101\Microsoft.DotNet.ProjectModel.dll</ModulePath>
      <ModuleTime>2017-02-13T21:37:40.5185927Z</ModuleTime>
      <ModuleName>Microsoft.DotNet.ProjectModel</ModuleName>
      <Classes />
    </Module>
    <Module skippedDueTo="Filter" hash="43-C1-58-AD-32-20-F0-AE-55-F6-49-16-62-05-DA-F4-C2-E7-5C-34">
      <ModulePath>C:\Users\OSOYKAN\AppData\Local\Temp\7f89693e-9dd1-4665-a776-c204d6d0f07c\7f89693e-9dd1-4665-a776-c204d6d0f07c\assembly\dl3\4613c5f0\004ff24b_a2c5d101\NuGet.Versioning.dll</ModulePath>
      <ModuleTime>2017-02-13T21:37:40.5371066Z</ModuleTime>
      <ModuleName>NuGet.Versioning</ModuleName>
      <Classes />
    </Module>
    <Module skippedDueTo="Filter" hash="08-56-E4-2C-AB-5F-09-3F-BE-20-F9-2C-59-20-27-EC-03-CA-F1-A2">
      <ModulePath>C:\Users\OSOYKAN\AppData\Local\Temp\7f89693e-9dd1-4665-a776-c204d6d0f07c\7f89693e-9dd1-4665-a776-c204d6d0f07c\assembly\dl3\464a0ea1\004ff24b_a2c5d101\NuGet.Frameworks.dll</ModulePath>
      <ModuleTime>2017-02-13T21:37:40.553117Z</ModuleTime>
      <ModuleName>NuGet.Frameworks</ModuleName>
      <Classes />
    </Module>
    <Module skippedDueTo="Filter" hash="80-BE-E0-D8-FD-47-B1-2B-72-31-87-E1-29-F7-69-F0-D5-4E-2B-33">
      <ModulePath>C:\Users\OSOYKAN\AppData\Local\Temp\7f89693e-9dd1-4665-a776-c204d6d0f07c\7f89693e-9dd1-4665-a776-c204d6d0f07c\assembly\dl3\b0763d5f\0094ca6a_e7cbd101\Microsoft.Extensions.DependencyModel.dll</ModulePath>
      <ModuleTime>2017-02-13T21:37:40.5746327Z</ModuleTime>
      <ModuleName>Microsoft.Extensions.DependencyModel</ModuleName>
      <Classes />
    </Module>
    <Module skippedDueTo="Filter" hash="FE-91-09-68-9A-AA-38-C6-05-19-25-26-32-74-A6-A3-FC-4A-B4-DB">
      <ModulePath>C:\Users\OSOYKAN\AppData\Local\Temp\7f89693e-9dd1-4665-a776-c204d6d0f07c\7f89693e-9dd1-4665-a776-c204d6d0f07c\assembly\dl3\83978c30\0094ca6a_e7cbd101\Microsoft.Extensions.Testing.Abstractions.dll</ModulePath>
      <ModuleTime>2017-02-13T21:37:40.5906435Z</ModuleTime>
      <ModuleName>Microsoft.Extensions.Testing.Abstractions</ModuleName>
      <Classes />
    </Module>
    <Module skippedDueTo="Filter" hash="6B-0D-A7-56-17-A2-26-94-93-DC-1A-68-5D-7A-0B-07-F2-E4-8C-75">
      <ModulePath>C:\Users\OSOYKAN\AppData\Local\Temp\7f89693e-9dd1-4665-a776-c204d6d0f07c\7f89693e-9dd1-4665-a776-c204d6d0f07c\assembly\dl3\43ba748d\003f8309_afc5d101\Newtonsoft.Json.dll</ModulePath>
      <ModuleTime>2017-02-13T21:37:40.6061545Z</ModuleTime>
      <ModuleName>Newtonsoft.Json</ModuleName>
      <Classes />
    </Module>
    <Module skippedDueTo="Filter" hash="4B-48-50-EB-F5-05-3D-21-1B-A3-2F-AB-14-A8-5C-E5-98-6F-7A-32">
      <ModulePath>C:\Users\OSOYKAN\AppData\Local\Temp\7f89693e-9dd1-4665-a776-c204d6d0f07c\7f89693e-9dd1-4665-a776-c204d6d0f07c\assembly\dl3\3eed6722\004ff24b_a2c5d101\NuGet.Common.dll</ModulePath>
      <ModuleTime>2017-02-13T21:37:40.6426803Z</ModuleTime>
      <ModuleName>NuGet.Common</ModuleName>
      <Classes />
    </Module>
    <Module skippedDueTo="Filter" hash="5B-F0-85-9E-98-18-AD-11-95-C8-F6-40-67-7D-8B-68-02-E5-EF-D6">
      <ModulePath>C:\Users\OSOYKAN\AppData\Local\Temp\7f89693e-9dd1-4665-a776-c204d6d0f07c\7f89693e-9dd1-4665-a776-c204d6d0f07c\assembly\dl3\977fd2fd\004ff24b_a2c5d101\NuGet.Packaging.Core.dll</ModulePath>
      <ModuleTime>2017-02-13T21:37:40.6606951Z</ModuleTime>
      <ModuleName>NuGet.Packaging.Core</ModuleName>
      <Classes />
    </Module>
    <Module skippedDueTo="Filter" hash="5F-92-AB-7E-AA-F3-D3-31-AF-52-CC-68-BD-14-60-B4-81-B3-24-9C">
      <ModulePath>C:\Users\OSOYKAN\AppData\Local\Temp\7f89693e-9dd1-4665-a776-c204d6d0f07c\7f89693e-9dd1-4665-a776-c204d6d0f07c\assembly\dl3\06c62d68\004ff24b_a2c5d101\NuGet.Packaging.Core.Types.dll</ModulePath>
      <ModuleTime>2017-02-13T21:37:40.6762061Z</ModuleTime>
      <ModuleName>NuGet.Packaging.Core.Types</ModuleName>
      <Classes />
    </Module>
    <Module skippedDueTo="Filter" hash="1B-AF-C7-2A-E4-0B-FD-1C-6A-FE-F5-49-B6-E4-21-4B-F4-12-8E-DA">
      <ModulePath>C:\Users\OSOYKAN\AppData\Local\Temp\7f89693e-9dd1-4665-a776-c204d6d0f07c\7f89693e-9dd1-4665-a776-c204d6d0f07c\assembly\dl3\d2cc97d0\004ff24b_a2c5d101\NuGet.Packaging.dll</ModulePath>
      <ModuleTime>2017-02-13T21:37:40.6922289Z</ModuleTime>
      <ModuleName>NuGet.Packaging</ModuleName>
      <Classes />
    </Module>
    <Module skippedDueTo="Filter" hash="70-D2-BD-E1-CB-B8-4B-82-C6-1F-8B-A6-6B-B2-02-CB-97-C6-B8-BE">
      <ModulePath>C:\Users\OSOYKAN\AppData\Local\Temp\7f89693e-9dd1-4665-a776-c204d6d0f07c\7f89693e-9dd1-4665-a776-c204d6d0f07c\assembly\dl3\c41c162c\004ff24b_a2c5d101\NuGet.RuntimeModel.dll</ModulePath>
      <ModuleTime>2017-02-13T21:37:40.7102301Z</ModuleTime>
      <ModuleName>NuGet.RuntimeModel</ModuleName>
      <Classes />
    </Module>
    <Module skippedDueTo="Filter" hash="43-EF-7F-ED-6A-8A-CB-EB-8B-00-F6-84-87-4D-29-32-6A-32-D6-B4">
      <ModulePath>C:\Users\OSOYKAN\AppData\Local\Temp\7f89693e-9dd1-4665-a776-c204d6d0f07c\7f89693e-9dd1-4665-a776-c204d6d0f07c\assembly\dl3\8b8a0fb6\00d637b0_1dc4d101\System.Collections.Immutable.dll</ModulePath>
      <ModuleTime>2017-02-13T21:37:40.7267409Z</ModuleTime>
      <ModuleName>System.Collections.Immutable</ModuleName>
      <Classes />
    </Module>
    <Module skippedDueTo="Filter" hash="A3-00-BC-74-ED-0E-A0-B7-23-F8-72-17-82-88-BD-BE-64-2F-02-47">
      <ModulePath>C:\Users\OSOYKAN\AppData\Local\Temp\7f89693e-9dd1-4665-a776-c204d6d0f07c\7f89693e-9dd1-4665-a776-c204d6d0f07c\assembly\dl3\b9b5a3a5\00efc9d2_1dc4d101\System.Reflection.Metadata.dll</ModulePath>
      <ModuleTime>2017-02-13T21:37:40.7587639Z</ModuleTime>
      <ModuleName>System.Reflection.Metadata</ModuleName>
      <Classes />
    </Module>
    <Module skippedDueTo="Filter" hash="1B-F9-32-9B-8D-4D-33-FF-2D-2F-57-8D-73-F7-18-E1-CC-22-DC-FD">
      <ModulePath>C:\Users\OSOYKAN\AppData\Local\Temp\7f89693e-9dd1-4665-a776-c204d6d0f07c\7f89693e-9dd1-4665-a776-c204d6d0f07c\assembly\dl3\77ff7630\00e16e17_d085d201\xunit.assert.dll</ModulePath>
      <ModuleTime>2017-02-13T21:37:40.7962896Z</ModuleTime>
      <ModuleName>xunit.assert</ModuleName>
      <Classes />
    </Module>
    <Module skippedDueTo="Filter" hash="3C-ED-29-22-56-2C-A2-87-77-F3-BC-39-4B-92-8D-63-76-06-C1-22">
      <ModulePath>C:\Users\OSOYKAN\AppData\Local\Temp\7f89693e-9dd1-4665-a776-c204d6d0f07c\7f89693e-9dd1-4665-a776-c204d6d0f07c\assembly\dl3\6a1292ef\00573c43_3fd0d101\xunit.runner.reporters.desktop.dll</ModulePath>
      <ModuleTime>2017-02-13T21:37:40.8098004Z</ModuleTime>
      <ModuleName>xunit.runner.reporters.desktop</ModuleName>
      <Classes />
    </Module>
    <Module skippedDueTo="Filter" hash="14-4B-89-D0-9E-33-3C-79-21-E9-EB-1D-FF-0B-F1-00-BE-44-3B-69">
      <ModulePath>C:\Users\OSOYKAN\AppData\Local\Temp\7f89693e-9dd1-4665-a776-c204d6d0f07c\7f89693e-9dd1-4665-a776-c204d6d0f07c\assembly\dl3\5e6bf09b\00846d44_3fd0d101\xunit.runner.utility.desktop.dll</ModulePath>
      <ModuleTime>2017-02-13T21:37:40.8188067Z</ModuleTime>
      <ModuleName>xunit.runner.utility.desktop</ModuleName>
      <Classes />
    </Module>
    <Module skippedDueTo="Filter" hash="CD-6C-89-03-2B-C0-20-E8-A7-40-06-42-5C-41-C1-FF-4A-26-FC-6F">
      <ModulePath>C:\WINDOWS\Microsoft.Net\assembly\GAC_32\System.Web\v4.0_4.0.0.0__b03f5f7f11d50a3a\System.Web.dll</ModulePath>
      <ModuleTime>2016-07-16T11:44:19.4211026Z</ModuleTime>
      <ModuleName>System.Web</ModuleName>
      <Classes />
    </Module>
  </Modules>
</CoverageSession>